This is pdfTeX, Version 3.14159265-2.6-1.40.16 (TeX Live 2015) (preloaded format=pdflatex 2015.5.24)  8 MAY 2017 19:52
entering extended mode
 restricted \write18 enabled.
 %&-line parsing enabled.
**response.tex
(./response.tex
LaTeX2e <2015/01/01>
Babel <3.9l> and hyphenation patterns for 79 languages loaded.
(/usr/local/texlive/2015/texmf-dist/tex/latex/base/article.cls
Document Class: article 2014/09/29 v1.4h Standard LaTeX document class
(/usr/local/texlive/2015/texmf-dist/tex/latex/base/size10.clo
File: size10.clo 2014/09/29 v1.4h Standard LaTeX file (size option)
)
\c@part=\count79
\c@section=\count80
\c@subsection=\count81
\c@subsubsection=\count82
\c@paragraph=\count83
\c@subparagraph=\count84
\c@figure=\count85
\c@table=\count86
\abovecaptionskip=\skip41
\belowcaptionskip=\skip42
\bibindent=\dimen102
)
(/usr/local/texlive/2015/texmf-dist/tex/latex/amsmath/amsmath.sty
Package: amsmath 2013/01/14 v2.14 AMS math features
\@mathmargin=\skip43

For additional information on amsmath, use the `?' option.
(/usr/local/texlive/2015/texmf-dist/tex/latex/amsmath/amstext.sty
Package: amstext 2000/06/29 v2.01

(/usr/local/texlive/2015/texmf-dist/tex/latex/amsmath/amsgen.sty
File: amsgen.sty 1999/11/30 v2.0
\@emptytoks=\toks14
\ex@=\dimen103
))
(/usr/local/texlive/2015/texmf-dist/tex/latex/amsmath/amsbsy.sty
Package: amsbsy 1999/11/29 v1.2d
\pmbraise@=\dimen104
)
(/usr/local/texlive/2015/texmf-dist/tex/latex/amsmath/amsopn.sty
Package: amsopn 1999/12/14 v2.01 operator names
)
\inf@bad=\count87
LaTeX Info: Redefining \frac on input line 210.
\uproot@=\count88
\leftroot@=\count89
LaTeX Info: Redefining \overline on input line 306.
\classnum@=\count90
\DOTSCASE@=\count91
LaTeX Info: Redefining \ldots on input line 378.
LaTeX Info: Redefining \dots on input line 381.
LaTeX Info: Redefining \cdots on input line 466.
\Mathstrutbox@=\box26
\strutbox@=\box27
\big@size=\dimen105
LaTeX Font Info:    Redeclaring font encoding OML on input line 566.
LaTeX Font Info:    Redeclaring font encoding OMS on input line 567.
\macc@depth=\count92
\c@MaxMatrixCols=\count93
\dotsspace@=\muskip10
\c@parentequation=\count94
\dspbrk@lvl=\count95
\tag@help=\toks15
\row@=\count96
\column@=\count97
\maxfields@=\count98
\andhelp@=\toks16
\eqnshift@=\dimen106
\alignsep@=\dimen107
\tagshift@=\dimen108
\tagwidth@=\dimen109
\totwidth@=\dimen110
\lineht@=\dimen111
\@envbody=\toks17
\multlinegap=\skip44
\multlinetaggap=\skip45
\mathdisplay@stack=\toks18
LaTeX Info: Redefining \[ on input line 2665.
LaTeX Info: Redefining \] on input line 2666.
)
(/usr/local/texlive/2015/texmf-dist/tex/latex/amsfonts/amsfonts.sty
Package: amsfonts 2013/01/14 v3.01 Basic AMSFonts support
\symAMSa=\mathgroup4
\symAMSb=\mathgroup5
LaTeX Font Info:    Overwriting math alphabet `\mathfrak' in version `bold'
(Font)                  U/euf/m/n --> U/euf/b/n on input line 106.
)
(/usr/local/texlive/2015/texmf-dist/tex/latex/geometry/geometry.sty
Package: geometry 2010/09/12 v5.6 Page Geometry

(/usr/local/texlive/2015/texmf-dist/tex/latex/graphics/keyval.sty
Package: keyval 2014/10/28 v1.15 key=value parser (DPC)
\KV@toks@=\toks19
)
(/usr/local/texlive/2015/texmf-dist/tex/generic/oberdiek/ifpdf.sty
Package: ifpdf 2011/01/30 v2.3 Provides the ifpdf switch (HO)
Package ifpdf Info: pdfTeX in PDF mode is detected.
)
(/usr/local/texlive/2015/texmf-dist/tex/generic/oberdiek/ifvtex.sty
Package: ifvtex 2010/03/01 v1.5 Detect VTeX and its facilities (HO)
Package ifvtex Info: VTeX not detected.
)
(/usr/local/texlive/2015/texmf-dist/tex/generic/ifxetex/ifxetex.sty
Package: ifxetex 2010/09/12 v0.6 Provides ifxetex conditional
)
\Gm@cnth=\count99
\Gm@cntv=\count100
\c@Gm@tempcnt=\count101
\Gm@bindingoffset=\dimen112
\Gm@wd@mp=\dimen113
\Gm@odd@mp=\dimen114
\Gm@even@mp=\dimen115
\Gm@layoutwidth=\dimen116
\Gm@layoutheight=\dimen117
\Gm@layouthoffset=\dimen118
\Gm@layoutvoffset=\dimen119
\Gm@dimlist=\toks20
)
(/usr/local/texlive/2015/texmf-dist/tex/latex/graphics/color.sty
Package: color 2014/10/28 v1.1a Standard LaTeX Color (DPC)

(/usr/local/texlive/2015/texmf-dist/tex/latex/latexconfig/color.cfg
File: color.cfg 2007/01/18 v1.5 color configuration of teTeX/TeXLive
)
Package color Info: Driver file: pdftex.def on input line 142.

(/usr/local/texlive/2015/texmf-dist/tex/latex/pdftex-def/pdftex.def
File: pdftex.def 2011/05/27 v0.06d Graphics/color for pdfTeX

(/usr/local/texlive/2015/texmf-dist/tex/generic/oberdiek/infwarerr.sty
Package: infwarerr 2010/04/08 v1.3 Providing info/warning/error messages (HO)
)
(/usr/local/texlive/2015/texmf-dist/tex/generic/oberdiek/ltxcmds.sty
Package: ltxcmds 2011/11/09 v1.22 LaTeX kernel commands for general use (HO)
)
\Gread@gobject=\count102
)
(/usr/local/texlive/2015/texmf-dist/tex/latex/graphics/dvipsnam.def
File: dvipsnam.def 2014/10/14 v3.0j Driver-dependent file (DPC,SPQR)
))
(/usr/local/texlive/2015/texmf-dist/tex/latex/xcolor/xcolor.sty
Package: xcolor 2007/01/21 v2.11 LaTeX color extensions (UK)

(/usr/local/texlive/2015/texmf-dist/tex/latex/latexconfig/color.cfg
File: color.cfg 2007/01/18 v1.5 color configuration of teTeX/TeXLive
)
Package xcolor Info: Driver file: pdftex.def on input line 225.
LaTeX Info: Redefining \color on input line 702.
Package xcolor Info: Model `cmy' substituted by `cmy0' on input line 1337.
Package xcolor Info: Model `hsb' substituted by `rgb' on input line 1341.
Package xcolor Info: Model `RGB' extended on input line 1353.
Package xcolor Info: Model `HTML' substituted by `rgb' on input line 1355.
Package xcolor Info: Model `Hsb' substituted by `hsb' on input line 1356.
Package xcolor Info: Model `tHsb' substituted by `hsb' on input line 1357.
Package xcolor Info: Model `HSB' substituted by `hsb' on input line 1358.
Package xcolor Info: Model `Gray' substituted by `gray' on input line 1359.
Package xcolor Info: Model `wave' substituted by `hsb' on input line 1360.

(/usr/local/texlive/2015/texmf-dist/tex/latex/graphics/dvipsnam.def
File: dvipsnam.def 2014/10/14 v3.0j Driver-dependent file (DPC,SPQR)
))
(/usr/local/texlive/2015/texmf-dist/tex/latex/graphics/graphicx.sty
Package: graphicx 2014/10/28 v1.0g Enhanced LaTeX Graphics (DPC,SPQR)

(/usr/local/texlive/2015/texmf-dist/tex/latex/graphics/graphics.sty
Package: graphics 2014/10/28 v1.0p Standard LaTeX Graphics (DPC,SPQR)

(/usr/local/texlive/2015/texmf-dist/tex/latex/graphics/trig.sty
Package: trig 1999/03/16 v1.09 sin cos tan (DPC)
)
(/usr/local/texlive/2015/texmf-dist/tex/latex/latexconfig/graphics.cfg
File: graphics.cfg 2010/04/23 v1.9 graphics configuration of TeX Live
)
Package graphics Info: Driver file: pdftex.def on input line 94.
)
\Gin@req@height=\dimen120
\Gin@req@width=\dimen121
)
(/usr/local/texlive/2015/texmf-dist/tex/latex/booktabs/booktabs.sty
Package: booktabs 2005/04/14 v1.61803 publication quality tables
\heavyrulewidth=\dimen122
\lightrulewidth=\dimen123
\cmidrulewidth=\dimen124
\belowrulesep=\dimen125
\belowbottomsep=\dimen126
\aboverulesep=\dimen127
\abovetopsep=\dimen128
\cmidrulesep=\dimen129
\cmidrulekern=\dimen130
\defaultaddspace=\dimen131
\@cmidla=\count103
\@cmidlb=\count104
\@aboverulesep=\dimen132
\@belowrulesep=\dimen133
\@thisruleclass=\count105
\@lastruleclass=\count106
\@thisrulewidth=\dimen134
)
(/usr/local/texlive/2015/texmf-dist/tex/latex/marginnote/marginnote.sty
Package: marginnote 2012/03/29 v1.1i non floating margin notes for LaTeX
\c@mn@abspage=\count107
)
(/usr/local/texlive/2015/texmf-dist/tex/latex/caption/subcaption.sty
Package: subcaption 2013/02/03 v1.1-62 Sub-captions (AR)

(/usr/local/texlive/2015/texmf-dist/tex/latex/caption/caption.sty
Package: caption 2013/05/02 v3.3-89 Customizing captions (AR)

(/usr/local/texlive/2015/texmf-dist/tex/latex/caption/caption3.sty
Package: caption3 2013/05/02 v1.6-88 caption3 kernel (AR)
Package caption3 Info: TeX engine: e-TeX on input line 57.
\captionmargin=\dimen135
\captionmargin@=\dimen136
\captionwidth=\dimen137
\caption@tempdima=\dimen138
\caption@indent=\dimen139
\caption@parindent=\dimen140
\caption@hangindent=\dimen141
)
\c@ContinuedFloat=\count108
)
\c@subfigure=\count109
\c@subtable=\count110
)
(./response.aux)
\openout1 = `response.aux'.

LaTeX Font Info:    Checking defaults for OML/cmm/m/it on input line 29.
LaTeX Font Info:    ... okay on input line 29.
LaTeX Font Info:    Checking defaults for T1/cmr/m/n on input line 29.
LaTeX Font Info:    ... okay on input line 29.
LaTeX Font Info:    Checking defaults for OT1/cmr/m/n on input line 29.
LaTeX Font Info:    ... okay on input line 29.
LaTeX Font Info:    Checking defaults for OMS/cmsy/m/n on input line 29.
LaTeX Font Info:    ... okay on input line 29.
LaTeX Font Info:    Checking defaults for OMX/cmex/m/n on input line 29.
LaTeX Font Info:    ... okay on input line 29.
LaTeX Font Info:    Checking defaults for U/cmr/m/n on input line 29.
LaTeX Font Info:    ... okay on input line 29.

*geometry* driver: auto-detecting
*geometry* detected driver: pdftex
*geometry* verbose mode - [ preamble ] result:
* driver: pdftex
* paper: letterpaper
* layout: <same size as paper>
* layoutoffset:(h,v)=(0.0pt,0.0pt)
* modes: 
* h-part:(L,W,R)=(90.3375pt, 433.62pt, 90.33751pt)
* v-part:(T,H,B)=(86.724pt, 578.15999pt, 130.086pt)
* \paperwidth=614.295pt
* \paperheight=794.96999pt
* \textwidth=433.62pt
* \textheight=578.15999pt
* \oddsidemargin=18.0675pt
* \evensidemargin=18.0675pt
* \topmargin=-22.54599pt
* \headheight=12.0pt
* \headsep=25.0pt
* \topskip=10.0pt
* \footskip=30.0pt
* \marginparwidth=65.0pt
* \marginparsep=11.0pt
* \columnsep=10.0pt
* \skip\footins=9.0pt plus 4.0pt minus 2.0pt
* \hoffset=0.0pt
* \voffset=0.0pt
* \mag=1000
* \@twocolumnfalse
* \@twosidefalse
* \@mparswitchfalse
* \@reversemarginfalse
* (1in=72.27pt=25.4mm, 1cm=28.453pt)

(/usr/local/texlive/2015/texmf-dist/tex/context/base/supp-pdf.mkii
[Loading MPS to PDF converter (version 2006.09.02).]
\scratchcounter=\count111
\scratchdimen=\dimen142
\scratchbox=\box28
\nofMPsegments=\count112
\nofMParguments=\count113
\everyMPshowfont=\toks21
\MPscratchCnt=\count114
\MPscratchDim=\dimen143
\MPnumerator=\count115
\makeMPintoPDFobject=\count116
\everyMPtoPDFconversion=\toks22
) (/usr/local/texlive/2015/texmf-dist/tex/generic/oberdiek/pdftexcmds.sty
Package: pdftexcmds 2011/11/29 v0.20 Utility functions of pdfTeX for LuaTeX (HO
)

(/usr/local/texlive/2015/texmf-dist/tex/generic/oberdiek/ifluatex.sty
Package: ifluatex 2010/03/01 v1.3 Provides the ifluatex switch (HO)
Package ifluatex Info: LuaTeX not detected.
)
Package pdftexcmds Info: LuaTeX not detected.
Package pdftexcmds Info: \pdf@primitive is available.
Package pdftexcmds Info: \pdf@ifprimitive is available.
Package pdftexcmds Info: \pdfdraftmode found.
)
(/usr/local/texlive/2015/texmf-dist/tex/latex/oberdiek/epstopdf-base.sty
Package: epstopdf-base 2010/02/09 v2.5 Base part for package epstopdf

(/usr/local/texlive/2015/texmf-dist/tex/latex/oberdiek/grfext.sty
Package: grfext 2010/08/19 v1.1 Manage graphics extensions (HO)

(/usr/local/texlive/2015/texmf-dist/tex/generic/oberdiek/kvdefinekeys.sty
Package: kvdefinekeys 2011/04/07 v1.3 Define keys (HO)
))
(/usr/local/texlive/2015/texmf-dist/tex/latex/oberdiek/kvoptions.sty
Package: kvoptions 2011/06/30 v3.11 Key value format for package options (HO)

(/usr/local/texlive/2015/texmf-dist/tex/generic/oberdiek/kvsetkeys.sty
Package: kvsetkeys 2012/04/25 v1.16 Key value parser (HO)

(/usr/local/texlive/2015/texmf-dist/tex/generic/oberdiek/etexcmds.sty
Package: etexcmds 2011/02/16 v1.5 Avoid name clashes with e-TeX commands (HO)
Package etexcmds Info: Could not find \expanded.
(etexcmds)             That can mean that you are not using pdfTeX 1.50 or
(etexcmds)             that some package has redefined \expanded.
(etexcmds)             In the latter case, load this package earlier.
)))
Package grfext Info: Graphics extension search list:
(grfext)             [.png,.pdf,.jpg,.mps,.jpeg,.jbig2,.jb2,.PNG,.PDF,.JPG,.JPE
G,.JBIG2,.JB2,.eps]
(grfext)             \AppendGraphicsExtensions on input line 452.

(/usr/local/texlive/2015/texmf-dist/tex/latex/latexconfig/epstopdf-sys.cfg
File: epstopdf-sys.cfg 2010/07/13 v1.3 Configuration of (r)epstopdf for TeX Liv
e
))
Package marginnote Info: \pdfoutput not 0 and \pdflastxpos available.
(marginnote)             Extended position detection mode activated.
Package caption Info: Begin \AtBeginDocument code.
Package caption Info: End \AtBeginDocument code.
LaTeX Font Info:    Try loading font information for U+msa on input line 30.

(/usr/local/texlive/2015/texmf-dist/tex/latex/amsfonts/umsa.fd
File: umsa.fd 2013/01/14 v3.01 AMS symbols A
)
LaTeX Font Info:    Try loading font information for U+msb on input line 30.

(/usr/local/texlive/2015/texmf-dist/tex/latex/amsfonts/umsb.fd
File: umsb.fd 2013/01/14 v3.01 AMS symbols B
) [1

{/usr/local/texlive/2015/texmf-var/fonts/map/pdftex/updmap/pdftex.map}]
Package marginnote Info: Margin note 2.1 is on absolute page 2
(marginnote)              on input line 86.
Package marginnote Info: right page because not two side mode on input line 86.

Package marginnote Info: xpos seems to be 90.3375pt,
(marginnote)             \marginnoteleftadjust ignored on input line 86.

Overfull \hbox (37.66669pt too wide) in paragraph at lines 100--101
[][][][][][]
 []


Underfull \hbox (badness 10000) in paragraph at lines 100--101

 []

Package epstopdf Info: Source file: <figures/the_results.eps>
(epstopdf)                    date: 2017-05-04 18:04:34
(epstopdf)                    size: 36220 bytes
(epstopdf)             Output file: <figures/the_results-eps-converted-to.pdf>
(epstopdf)                    date: 2017-05-04 18:05:30
(epstopdf)                    size: 21234 bytes
(epstopdf)             Command: <repstopdf --outfile=figures/the_results-eps-co
nverted-to.pdf figures/the_results.eps>
(epstopdf)             \includegraphics on input line 105.
Package epstopdf Info: Output file is already uptodate.
<figures/the_results-eps-converted-to.pdf, id=11, 462.72874pt x 346.29375pt>
File: figures/the_results-eps-converted-to.pdf Graphic file (type pdf)

<use figures/the_results-eps-converted-to.pdf>
Package pdftex.def Info: figures/the_results-eps-converted-to.pdf used on input
 line 105.
(pdftex.def)             Requested size: 260.17464pt x 194.71048pt.
Package marginnote Info: Margin note 2.2 is on absolute page 3
(marginnote)              on input line 108.
Package marginnote Info: right page because not two side mode on input line 108
.
Package marginnote Info: xpos seems to be 90.3375pt,
(marginnote)             \marginnoteleftadjust ignored on input line 108.
Package epstopdf Info: Source file: <figures/mhd_results.eps>
(epstopdf)                    date: 2017-05-04 15:56:48
(epstopdf)                    size: 38593 bytes
(epstopdf)             Output file: <figures/mhd_results-eps-converted-to.pdf>
(epstopdf)                    date: 2017-05-04 16:28:58
(epstopdf)                    size: 22563 bytes
(epstopdf)             Command: <repstopdf --outfile=figures/mhd_results-eps-co
nverted-to.pdf figures/mhd_results.eps>
(epstopdf)             \includegraphics on input line 114.
Package epstopdf Info: Output file is already uptodate.

<figures/mhd_results-eps-converted-to.pdf, id=12, 578.16pt x 433.62pt>
File: figures/mhd_results-eps-converted-to.pdf Graphic file (type pdf)

<use figures/mhd_results-eps-converted-to.pdf>
Package pdftex.def Info: figures/mhd_results-eps-converted-to.pdf used on input
 line 114.
(pdftex.def)             Requested size: 260.17464pt x 195.1272pt.
Package marginnote Info: Margin note 2.3 is on absolute page 3
(marginnote)              on input line 117.
Package marginnote Info: right page because not two side mode on input line 117
.
Package marginnote Info: xpos seems to be 90.3375pt,
(marginnote)             \marginnoteleftadjust ignored on input line 117.
 [2] [3 <./figures/the_results-eps-converted-to.pdf> <./figures/mhd_results-eps
-converted-to.pdf>]
Package marginnote Info: Margin note 4.1 is on absolute page 4
(marginnote)              on input line 131.
Package marginnote Info: right page because not two side mode on input line 131
.
Package marginnote Info: xpos seems to be 90.3375pt,
(marginnote)             \marginnoteleftadjust ignored on input line 131.

Overfull \hbox (37.66669pt too wide) in paragraph at lines 136--137
[][][][][][]
 []


Underfull \hbox (badness 10000) in paragraph at lines 136--137

 []

Package marginnote Info: Margin note 4.2 is on absolute page 4
(marginnote)              on input line 166.
Package marginnote Info: right page because not two side mode on input line 166
.
Package marginnote Info: xpos seems to be 90.3375pt,
(marginnote)             \marginnoteleftadjust ignored on input line 166.

Overfull \hbox (37.66669pt too wide) in paragraph at lines 167--168
[][][][][][]
 []


Underfull \hbox (badness 10000) in paragraph at lines 167--168

 []

Package marginnote Info: Margin note 4.3 is on absolute page 4
(marginnote)              on input line 183.
Package marginnote Info: right page because not two side mode on input line 183
.
Package marginnote Info: xpos seems to be 90.3375pt,
(marginnote)             \marginnoteleftadjust ignored on input line 183.

Overfull \hbox (37.66669pt too wide) in paragraph at lines 188--189
[][][][][][]
 []


Underfull \hbox (badness 10000) in paragraph at lines 188--189

 []

[4]
Package marginnote Info: Margin note 5.1 is on absolute page 5
(marginnote)              on input line 206.
Package marginnote Info: right page because not two side mode on input line 206
.
Package marginnote Info: xpos seems to be 90.3375pt,
(marginnote)             \marginnoteleftadjust ignored on input line 206.

Overfull \hbox (37.66669pt too wide) in paragraph at lines 214--215
[][][][][][]
 []


Underfull \hbox (badness 10000) in paragraph at lines 214--215

 []

[5] <./figures/bookstore/ours_1_2_t=50.jpg, id=106, 90.3375pt x 69.55988pt>
File: ./figures/bookstore/ours_1_2_t=50.jpg Graphic file (type jpg)

<use ./figures/bookstore/ours_1_2_t=50.jpg>
Package pdftex.def Info: ./figures/bookstore/ours_1_2_t=50.jpg used on input li
ne 267.
(pdftex.def)             Requested size: 65.04366pt x 50.08412pt.

<./figures/bookstore/ours_1_2_t=130.jpg, id=107, 90.3375pt x 69.3792pt>
File: ./figures/bookstore/ours_1_2_t=130.jpg Graphic file (type jpg)

<use ./figures/bookstore/ours_1_2_t=130.jpg>
Package pdftex.def Info: ./figures/bookstore/ours_1_2_t=130.jpg used on input l
ine 270.
(pdftex.def)             Requested size: 65.04366pt x 49.95403pt.

<./figures/bookstore/ours_1_2_t=370.jpg, id=108, 90.3375pt x 69.3792pt>
File: ./figures/bookstore/ours_1_2_t=370.jpg Graphic file (type jpg)

<use ./figures/bookstore/ours_1_2_t=370.jpg>
Package pdftex.def Info: ./figures/bookstore/ours_1_2_t=370.jpg used on input l
ine 273.
(pdftex.def)             Requested size: 65.04366pt x 49.95403pt.

<./figures/bookstore/kit_1_2_t=50.jpg, id=109, 90.3375pt x 69.3792pt>
File: ./figures/bookstore/kit_1_2_t=50.jpg Graphic file (type jpg)

<use ./figures/bookstore/kit_1_2_t=50.jpg>
Package pdftex.def Info: ./figures/bookstore/kit_1_2_t=50.jpg used on input lin
e 281.
(pdftex.def)             Requested size: 65.04366pt x 49.95403pt.

<./figures/bookstore/kit_1_2_t=130.jpg, id=110, 90.3375pt x 69.3792pt>
File: ./figures/bookstore/kit_1_2_t=130.jpg Graphic file (type jpg)

<use ./figures/bookstore/kit_1_2_t=130.jpg>
Package pdftex.def Info: ./figures/bookstore/kit_1_2_t=130.jpg used on input li
ne 284.
(pdftex.def)             Requested size: 65.04366pt x 49.95403pt.

<./figures/bookstore/kit_1_2_t=370.jpg, id=111, 90.3375pt x 69.3792pt>
File: ./figures/bookstore/kit_1_2_t=370.jpg Graphic file (type jpg)

<use ./figures/bookstore/kit_1_2_t=370.jpg>
Package pdftex.def Info: ./figures/bookstore/kit_1_2_t=370.jpg used on input li
ne 287.
(pdftex.def)             Requested size: 65.04366pt x 49.95403pt.

<./figures/bookstore/lstm_1_2_t=100.jpg, id=112, 90.3375pt x 69.3792pt>
File: ./figures/bookstore/lstm_1_2_t=100.jpg Graphic file (type jpg)

<use ./figures/bookstore/lstm_1_2_t=100.jpg>
Package pdftex.def Info: ./figures/bookstore/lstm_1_2_t=100.jpg used on input l
ine 295.
(pdftex.def)             Requested size: 65.04366pt x 49.95403pt.

<./figures/bookstore/lstm_1_2_t=300.jpg, id=113, 90.3375pt x 69.19853pt>
File: ./figures/bookstore/lstm_1_2_t=300.jpg Graphic file (type jpg)

<use ./figures/bookstore/lstm_1_2_t=300.jpg>
Package pdftex.def Info: ./figures/bookstore/lstm_1_2_t=300.jpg used on input l
ine 298.
(pdftex.def)             Requested size: 65.04366pt x 49.82394pt.

<./figures/bookstore/lstm_1_2_t=360.jpg, id=114, 90.3375pt x 69.3792pt>
File: ./figures/bookstore/lstm_1_2_t=360.jpg Graphic file (type jpg)

<use ./figures/bookstore/lstm_1_2_t=360.jpg>
Package pdftex.def Info: ./figures/bookstore/lstm_1_2_t=360.jpg used on input l
ine 301.
(pdftex.def)             Requested size: 65.04366pt x 49.95403pt.

<./figures/bookstore/rand_1_2_t=50.jpg, id=115, 90.3375pt x 69.55988pt>
File: ./figures/bookstore/rand_1_2_t=50.jpg Graphic file (type jpg)

<use ./figures/bookstore/rand_1_2_t=50.jpg>
Package pdftex.def Info: ./figures/bookstore/rand_1_2_t=50.jpg used on input li
ne 309.
(pdftex.def)             Requested size: 65.04366pt x 50.08412pt.

<./figures/bookstore/rand_1_2_t=130.jpg, id=116, 90.3375pt x 69.3792pt>
File: ./figures/bookstore/rand_1_2_t=130.jpg Graphic file (type jpg)

<use ./figures/bookstore/rand_1_2_t=130.jpg>
Package pdftex.def Info: ./figures/bookstore/rand_1_2_t=130.jpg used on input l
ine 312.
(pdftex.def)             Requested size: 65.04366pt x 49.95403pt.

<./figures/bookstore/rand_1_2_t=370.jpg, id=117, 90.3375pt x 69.19853pt>
File: ./figures/bookstore/rand_1_2_t=370.jpg Graphic file (type jpg)

<use ./figures/bookstore/rand_1_2_t=370.jpg>
Package pdftex.def Info: ./figures/bookstore/rand_1_2_t=370.jpg used on input l
ine 315.
(pdftex.def)             Requested size: 65.04366pt x 49.82394pt.

<./figures/comparison/ours_death_1_2_t=70.jpg, id=118, 501.875pt x 387.4475pt>
File: ./figures/comparison/ours_death_1_2_t=70.jpg Graphic file (type jpg)

<use ./figures/comparison/ours_death_1_2_t=70.jpg>
Package pdftex.def Info: ./figures/comparison/ours_death_1_2_t=70.jpg used on i
nput line 345.
(pdftex.def)             Requested size: 65.04366pt x 50.21031pt.

<./figures/comparison/ours_death_1_2_t=250.jpg, id=119, 501.875pt x 387.4475pt>
File: ./figures/comparison/ours_death_1_2_t=250.jpg Graphic file (type jpg)
<use ./figures/comparison/ours_death_1_2_t=250.jpg>
Package pdftex.def Info: ./figures/comparison/ours_death_1_2_t=250.jpg used on 
input line 348.
(pdftex.def)             Requested size: 65.04366pt x 50.21031pt.

<./figures/comparison/ours_death_1_2_t=370.jpg, id=120, 501.875pt x 385.44pt>
File: ./figures/comparison/ours_death_1_2_t=370.jpg Graphic file (type jpg)

<use ./figures/comparison/ours_death_1_2_t=370.jpg>
Package pdftex.def Info: ./figures/comparison/ours_death_1_2_t=370.jpg used on 
input line 351.
(pdftex.def)             Requested size: 65.04366pt x 49.95015pt.

<./figures/comparison/kit_death_1_2_t=70.jpg, id=121, 501.875pt x 386.44376pt>
File: ./figures/comparison/kit_death_1_2_t=70.jpg Graphic file (type jpg)

<use ./figures/comparison/kit_death_1_2_t=70.jpg>
Package pdftex.def Info: ./figures/comparison/kit_death_1_2_t=70.jpg used on in
put line 359.
(pdftex.def)             Requested size: 65.04366pt x 50.08023pt.

<./figures/comparison/kit_death_1_2_t=250.jpg, id=122, 501.875pt x 387.4475pt>
File: ./figures/comparison/kit_death_1_2_t=250.jpg Graphic file (type jpg)

<use ./figures/comparison/kit_death_1_2_t=250.jpg>
Package pdftex.def Info: ./figures/comparison/kit_death_1_2_t=250.jpg used on i
nput line 362.
(pdftex.def)             Requested size: 65.04366pt x 50.21031pt.

<./figures/comparison/kit_death_1_2_t=370.jpg, id=123, 501.875pt x 385.44pt>
File: ./figures/comparison/kit_death_1_2_t=370.jpg Graphic file (type jpg)

<use ./figures/comparison/kit_death_1_2_t=370.jpg>
Package pdftex.def Info: ./figures/comparison/kit_death_1_2_t=370.jpg used on i
nput line 365.
(pdftex.def)             Requested size: 65.04366pt x 49.95015pt.

<./figures/comparison/lstm_1_2_t=100.jpg, id=124, 90.3375pt x 69.3792pt>
File: ./figures/comparison/lstm_1_2_t=100.jpg Graphic file (type jpg)

<use ./figures/comparison/lstm_1_2_t=100.jpg>
Package pdftex.def Info: ./figures/comparison/lstm_1_2_t=100.jpg used on input 
line 373.
(pdftex.def)             Requested size: 65.04366pt x 49.95403pt.

<./figures/comparison/lstm_1_2_t=300.jpg, id=125, 90.3375pt x 69.3792pt>
File: ./figures/comparison/lstm_1_2_t=300.jpg Graphic file (type jpg)

<use ./figures/comparison/lstm_1_2_t=300.jpg>
Package pdftex.def Info: ./figures/comparison/lstm_1_2_t=300.jpg used on input 
line 376.
(pdftex.def)             Requested size: 65.04366pt x 49.95403pt.

<./figures/comparison/lstm_1_2_t=380.jpg, id=126, 90.3375pt x 69.3792pt>
File: ./figures/comparison/lstm_1_2_t=380.jpg Graphic file (type jpg)

<use ./figures/comparison/lstm_1_2_t=380.jpg>
Package pdftex.def Info: ./figures/comparison/lstm_1_2_t=380.jpg used on input 
line 379.
(pdftex.def)             Requested size: 65.04366pt x 49.95403pt.

<./figures/comparison/rand_death_1_2_t=70.jpg, id=127, 501.875pt x 385.44pt>
File: ./figures/comparison/rand_death_1_2_t=70.jpg Graphic file (type jpg)

<use ./figures/comparison/rand_death_1_2_t=70.jpg>
Package pdftex.def Info: ./figures/comparison/rand_death_1_2_t=70.jpg used on i
nput line 387.
(pdftex.def)             Requested size: 65.04366pt x 49.95015pt.

<./figures/comparison/rand_death_1_2_t=250.jpg, id=128, 501.875pt x 385.44pt>
File: ./figures/comparison/rand_death_1_2_t=250.jpg Graphic file (type jpg)

<use ./figures/comparison/rand_death_1_2_t=250.jpg>
Package pdftex.def Info: ./figures/comparison/rand_death_1_2_t=250.jpg used on 
input line 390.
(pdftex.def)             Requested size: 65.04366pt x 49.95015pt.

<./figures/comparison/rand_death_1_2_t=370.jpg, id=129, 501.875pt x 385.44pt>
File: ./figures/comparison/rand_death_1_2_t=370.jpg Graphic file (type jpg)

<use ./figures/comparison/rand_death_1_2_t=370.jpg>
Package pdftex.def Info: ./figures/comparison/rand_death_1_2_t=370.jpg used on 
input line 393.
(pdftex.def)             Requested size: 65.04366pt x 49.95015pt.

Overfull \hbox (18.67079pt too wide) in paragraph at lines 261--415
[][] |  [] 
 []

Package marginnote Info: Margin note 6.1 is on absolute page 7
(marginnote)              on input line 418.
Package marginnote Info: right page because not two side mode on input line 418
.
Package marginnote Info: xpos seems to be 90.3375pt,
(marginnote)             \marginnoteleftadjust ignored on input line 418.
Package marginnote Info: Margin note 6.2 is on absolute page 6
(marginnote)              on input line 436.
Package marginnote Info: right page because not two side mode on input line 436
.
Package marginnote Info: xpos seems to be 115.33752pt,
(marginnote)             \marginnoteleftadjust ignored on input line 436.

Overfull \hbox (37.66669pt too wide) in paragraph at lines 432--437
|[][][][][][][]
 []


Underfull \hbox (badness 10000) in paragraph at lines 432--437

 []

Package marginnote Info: Margin note 6.3 is on absolute page 6
(marginnote)              on input line 452.
Package marginnote Info: right page because not two side mode on input line 452
.
Package marginnote Info: xpos seems to be 90.3375pt,
(marginnote)             \marginnoteleftadjust ignored on input line 452.

Overfull \hbox (37.66669pt too wide) in paragraph at lines 452--453
[][][][][][]
 []


Underfull \hbox (badness 10000) in paragraph at lines 452--453

 []

Package marginnote Info: Margin note 6.4 is on absolute page 6
(marginnote)              on input line 455.
Package marginnote Info: right page because not two side mode on input line 455
.
Package marginnote Info: xpos seems to be 90.3375pt,
(marginnote)             \marginnoteleftadjust ignored on input line 455.

Overfull \hbox (37.66669pt too wide) in paragraph at lines 455--457
[][][][][][]
 []


Underfull \hbox (badness 10000) in paragraph at lines 455--457

 []

[6] (./response.bbl [7 <./figures/bookstore/ours_1_2_t=50.jpg> <./figures/books
tore/ours_1_2_t=130.jpg> <./figures/bookstore/ours_1_2_t=370.jpg> <./figures/bo
okstore/kit_1_2_t=50.jpg> <./figures/bookstore/kit_1_2_t=130.jpg> <./figures/bo
okstore/kit_1_2_t=370.jpg> <./figures/bookstore/lstm_1_2_t=100.jpg> <./figures/
bookstore/lstm_1_2_t=300.jpg> <./figures/bookstore/lstm_1_2_t=360.jpg> <./figur
es/bookstore/rand_1_2_t=50.jpg> <./figures/bookstore/rand_1_2_t=130.jpg> <./fig
ures/bookstore/rand_1_2_t=370.jpg> <./figures/comparison/ours_death_1_2_t=70.jp
g> <./figures/comparison/ours_death_1_2_t=250.jpg> <./figures/comparison/ours_d
eath_1_2_t=370.jpg> <./figures/comparison/kit_death_1_2_t=70.jpg> <./figures/co
mparison/kit_death_1_2_t=250.jpg> <./figures/comparison/kit_death_1_2_t=370.jpg
> <./figures/comparison/lstm_1_2_t=100.jpg> <./figures/comparison/lstm_1_2_t=30
0.jpg> <./figures/comparison/lstm_1_2_t=380.jpg> <./figures/comparison/rand_dea
th_1_2_t=70.jpg> <./figures/comparison/rand_death_1_2_t=250.jpg> <./figures/com
parison/rand_death_1_2_t=370.jpg>] [8]) [9] (./response.aux) ) 
Here is how much of TeX's memory you used:
 4728 strings out of 493089
 73030 string characters out of 6134842
 153909 words of memory out of 5000000
 8111 multiletter control sequences out of 15000+600000
 12767 words of font info for 49 fonts, out of 8000000 for 9000
 1141 hyphenation exceptions out of 8191
 42i,10n,40p,840b,526s stack positions out of 5000i,500n,10000p,200000b,80000s
</usr/local/texli
ve/2015/texmf-dist/fonts/type1/public/amsfonts/cm/cmbx10.pfb></usr/local/texliv
e/2015/texmf-dist/fonts/type1/public/amsfonts/cm/cmbx12.pfb></usr/local/texlive
/2015/texmf-dist/fonts/type1/public/amsfonts/cm/cmex10.pfb></usr/local/texlive/
2015/texmf-dist/fonts/type1/public/amsfonts/cm/cmmi10.pfb></usr/local/texlive/2
015/texmf-dist/fonts/type1/public/amsfonts/cm/cmmi7.pfb></usr/local/texlive/201
5/texmf-dist/fonts/type1/public/amsfonts/cm/cmr10.pfb></usr/local/texlive/2015/
texmf-dist/fonts/type1/public/amsfonts/cm/cmr12.pfb></usr/local/texlive/2015/te
xmf-dist/fonts/type1/public/amsfonts/cm/cmr17.pfb></usr/local/texlive/2015/texm
f-dist/fonts/type1/public/amsfonts/cm/cmr7.pfb></usr/local/texlive/2015/texmf-d
ist/fonts/type1/public/amsfonts/cm/cmr9.pfb></usr/local/texlive/2015/texmf-dist
/fonts/type1/public/amsfonts/cm/cmsy10.pfb></usr/local/texlive/2015/texmf-dist/
fonts/type1/public/amsfonts/cm/cmti10.pfb></usr/local/texlive/2015/texmf-dist/f
onts/type1/public/amsfonts/symbols/msbm10.pfb>
Output written on response.pdf (9 pages, 1353076 bytes).
PDF statistics:
 187 PDF objects out of 1000 (max. 8388607)
 69 compressed objects within 1 object stream
 0 named destinations out of 1000 (max. 500000)
 131 words of extra memory for PDF output out of 10000 (max. 10000000)

