This is pdfTeX, Version 3.14159265-2.6-1.40.16 (TeX Live 2015) (preloaded format=pdflatex 2015.5.24)  8 MAY 2017 19:48
entering extended mode
 restricted \write18 enabled.
 %&-line parsing enabled.
**pedestrian_forecasting_iros_2017.tex
(./pedestrian_forecasting_iros_2017.tex
LaTeX2e <2015/01/01>
Babel <3.9l> and hyphenation patterns for 79 languages loaded.
(./ieeeconf.cls
Document Class: ieeeconf 2016/4/23 revision V1.6b by Pradeep Misra
\@IEEEtrantmpdimenA=\dimen102
\@IEEEtrantmpdimenB=\dimen103
\@IEEEtrantmpcountA=\count79
\@IEEEtrantmpcountB=\count80
\@IEEEtrantmptoksA=\toks14
LaTeX Font Info:    Try loading font information for OT1+ptm on input line 794.

(/usr/local/texlive/2015/texmf-dist/tex/latex/psnfss/ot1ptm.fd
File: ot1ptm.fd 2001/06/04 font definitions for OT1/ptm.
)
\@IEEEnormalsizefontbaselineskip=\skip41

-- This is a 10 point document.
\normalsizebaselineskip=\skip42
\normaljot=\skip43
LaTeX Font Info:    Font shape `OT1/ptm/bx/n' in size <5> not available
(Font)              Font shape `OT1/ptm/b/n' tried instead on input line 1113.
LaTeX Font Info:    Font shape `OT1/ptm/bx/it' in size <5> not available
(Font)              Font shape `OT1/ptm/b/it' tried instead on input line 1113.

LaTeX Font Info:    Font shape `OT1/ptm/bx/n' in size <7> not available
(Font)              Font shape `OT1/ptm/b/n' tried instead on input line 1113.
LaTeX Font Info:    Font shape `OT1/ptm/bx/it' in size <7> not available
(Font)              Font shape `OT1/ptm/b/it' tried instead on input line 1113.

LaTeX Font Info:    Font shape `OT1/ptm/bx/n' in size <8> not available
(Font)              Font shape `OT1/ptm/b/n' tried instead on input line 1113.
LaTeX Font Info:    Font shape `OT1/ptm/bx/it' in size <8> not available
(Font)              Font shape `OT1/ptm/b/it' tried instead on input line 1113.

LaTeX Font Info:    Font shape `OT1/ptm/bx/n' in size <9> not available
(Font)              Font shape `OT1/ptm/b/n' tried instead on input line 1113.
LaTeX Font Info:    Font shape `OT1/ptm/bx/it' in size <9> not available
(Font)              Font shape `OT1/ptm/b/it' tried instead on input line 1113.

LaTeX Font Info:    Font shape `OT1/ptm/bx/n' in size <10> not available
(Font)              Font shape `OT1/ptm/b/n' tried instead on input line 1113.
LaTeX Font Info:    Font shape `OT1/ptm/bx/it' in size <10> not available
(Font)              Font shape `OT1/ptm/b/it' tried instead on input line 1113.

LaTeX Font Info:    Font shape `OT1/ptm/bx/n' in size <11> not available
(Font)              Font shape `OT1/ptm/b/n' tried instead on input line 1113.
LaTeX Font Info:    Font shape `OT1/ptm/bx/it' in size <11> not available
(Font)              Font shape `OT1/ptm/b/it' tried instead on input line 1113.

LaTeX Font Info:    Font shape `OT1/ptm/bx/n' in size <12> not available
(Font)              Font shape `OT1/ptm/b/n' tried instead on input line 1113.
LaTeX Font Info:    Font shape `OT1/ptm/bx/it' in size <12> not available
(Font)              Font shape `OT1/ptm/b/it' tried instead on input line 1113.

LaTeX Font Info:    Font shape `OT1/ptm/bx/n' in size <16> not available
(Font)              Font shape `OT1/ptm/b/n' tried instead on input line 1113.
LaTeX Font Info:    Font shape `OT1/ptm/bx/it' in size <16> not available
(Font)              Font shape `OT1/ptm/b/it' tried instead on input line 1113.

LaTeX Font Info:    Font shape `OT1/ptm/bx/n' in size <20> not available
(Font)              Font shape `OT1/ptm/b/n' tried instead on input line 1113.
LaTeX Font Info:    Font shape `OT1/ptm/bx/it' in size <20> not available
(Font)              Font shape `OT1/ptm/b/it' tried instead on input line 1113.

LaTeX Font Info:    Font shape `OT1/ptm/bx/n' in size <24> not available
(Font)              Font shape `OT1/ptm/b/n' tried instead on input line 1113.
LaTeX Font Info:    Font shape `OT1/ptm/bx/it' in size <24> not available
(Font)              Font shape `OT1/ptm/b/it' tried instead on input line 1113.

\IEEEilabelindentA=\dimen104
\IEEEilabelindentB=\dimen105
\IEEEilabelindent=\dimen106
\IEEEelabelindent=\dimen107
\IEEEdlabelindent=\dimen108
\labelindent=\dimen109
\IEEEiednormlabelsep=\dimen110
\IEEEiedmathlabelsep=\dimen111
\IEEEiedtopsep=\skip44
\c@section=\count81
\c@subsection=\count82
\c@subsubsection=\count83
\c@paragraph=\count84
\c@IEEEsubequation=\count85
\abovecaptionskip=\skip45
\belowcaptionskip=\skip46
\c@figure=\count86
\c@table=\count87
\@IEEEeqnnumcols=\count88
\@IEEEeqncolcnt=\count89
\@IEEEtmpitemindent=\dimen112
\c@biography=\count90
\@IEEEtranrubishbin=\box26
)
** ATTENTION: Overriding command lockouts (line 4).
** ATTENTION: Overriding IEEE standard margins (line 5).
(/usr/local/texlive/2015/texmf-dist/tex/latex/base/fontenc.sty
Package: fontenc 2005/09/27 v1.99g Standard LaTeX package

(/usr/local/texlive/2015/texmf-dist/tex/latex/base/t1enc.def
File: t1enc.def 2005/09/27 v1.99g Standard LaTeX file
LaTeX Font Info:    Redeclaring font encoding T1 on input line 48.
)
LaTeX Font Info:    Try loading font information for T1+ptm on input line 105.

(/usr/local/texlive/2015/texmf-dist/tex/latex/psnfss/t1ptm.fd
File: t1ptm.fd 2001/06/04 font definitions for T1/ptm.
))
(/usr/local/texlive/2015/texmf-dist/tex/latex/amsmath/amsmath.sty
Package: amsmath 2013/01/14 v2.14 AMS math features
\@mathmargin=\skip47

For additional information on amsmath, use the `?' option.
(/usr/local/texlive/2015/texmf-dist/tex/latex/amsmath/amstext.sty
Package: amstext 2000/06/29 v2.01

(/usr/local/texlive/2015/texmf-dist/tex/latex/amsmath/amsgen.sty
File: amsgen.sty 1999/11/30 v2.0
\@emptytoks=\toks15
\ex@=\dimen113
))
(/usr/local/texlive/2015/texmf-dist/tex/latex/amsmath/amsbsy.sty
Package: amsbsy 1999/11/29 v1.2d
\pmbraise@=\dimen114
)
(/usr/local/texlive/2015/texmf-dist/tex/latex/amsmath/amsopn.sty
Package: amsopn 1999/12/14 v2.01 operator names
)
\inf@bad=\count91
LaTeX Info: Redefining \frac on input line 210.
\uproot@=\count92
\leftroot@=\count93
LaTeX Info: Redefining \overline on input line 306.
\classnum@=\count94
\DOTSCASE@=\count95
LaTeX Info: Redefining \ldots on input line 378.
LaTeX Info: Redefining \dots on input line 381.
LaTeX Info: Redefining \cdots on input line 466.
\Mathstrutbox@=\box27
\strutbox@=\box28
\big@size=\dimen115
LaTeX Font Info:    Redeclaring font encoding OML on input line 566.
LaTeX Font Info:    Redeclaring font encoding OMS on input line 567.
\macc@depth=\count96
\c@MaxMatrixCols=\count97
\dotsspace@=\muskip10
\c@parentequation=\count98
\dspbrk@lvl=\count99
\tag@help=\toks16
\row@=\count100
\column@=\count101
\maxfields@=\count102
\andhelp@=\toks17
\eqnshift@=\dimen116
\alignsep@=\dimen117
\tagshift@=\dimen118
\tagwidth@=\dimen119
\totwidth@=\dimen120
\lineht@=\dimen121
\@envbody=\toks18
\multlinegap=\skip48
\multlinetaggap=\skip49
\mathdisplay@stack=\toks19
LaTeX Info: Redefining \[ on input line 2665.
LaTeX Info: Redefining \] on input line 2666.
)
(/usr/local/texlive/2015/texmf-dist/tex/latex/amsfonts/amssymb.sty
Package: amssymb 2013/01/14 v3.01 AMS font symbols

(/usr/local/texlive/2015/texmf-dist/tex/latex/amsfonts/amsfonts.sty
Package: amsfonts 2013/01/14 v3.01 Basic AMSFonts support
\symAMSa=\mathgroup4
\symAMSb=\mathgroup5
LaTeX Font Info:    Overwriting math alphabet `\mathfrak' in version `bold'
(Font)                  U/euf/m/n --> U/euf/b/n on input line 106.
))
(/usr/local/texlive/2015/texmf-dist/tex/latex/algorithmicx/algpseudocode.sty
Package: algpseudocode 

(/usr/local/texlive/2015/texmf-dist/tex/latex/base/ifthen.sty
Package: ifthen 2014/09/29 v1.1c Standard LaTeX ifthen package (DPC)
)
(/usr/local/texlive/2015/texmf-dist/tex/latex/algorithmicx/algorithmicx.sty
Package: algorithmicx 2005/04/27 v1.2 Algorithmicx

Document Style algorithmicx 1.2 - a greatly improved `algorithmic' style
\c@ALG@line=\count103
\c@ALG@rem=\count104
\c@ALG@nested=\count105
\ALG@tlm=\skip50
\ALG@thistlm=\skip51
\c@ALG@Lnr=\count106
\c@ALG@blocknr=\count107
\c@ALG@storecount=\count108
\c@ALG@tmpcounter=\count109
\ALG@tmplength=\skip52
)
Document Style - pseudocode environments for use with the `algorithmicx' style
) (/usr/local/texlive/2015/texmf-dist/tex/latex/algorithms/algorithm.sty
Package: algorithm 2009/08/24 v0.1 Document Style `algorithm' - floating enviro
nment

(/usr/local/texlive/2015/texmf-dist/tex/latex/float/float.sty
Package: float 2001/11/08 v1.3d Float enhancements (AL)
\c@float@type=\count110
\float@exts=\toks20
\float@box=\box29
\@float@everytoks=\toks21
\@floatcapt=\box30
)
\@float@every@algorithm=\toks22
\c@algorithm=\count111
)
(/usr/local/texlive/2015/texmf-dist/tex/latex/marginnote/marginnote.sty
Package: marginnote 2012/03/29 v1.1i non floating margin notes for LaTeX
\c@mn@abspage=\count112
)
(/usr/local/texlive/2015/texmf-dist/tex/latex/caption/caption.sty
Package: caption 2013/05/02 v3.3-89 Customizing captions (AR)

(/usr/local/texlive/2015/texmf-dist/tex/latex/caption/caption3.sty
Package: caption3 2013/05/02 v1.6-88 caption3 kernel (AR)
Package caption3 Info: TeX engine: e-TeX on input line 57.

(/usr/local/texlive/2015/texmf-dist/tex/latex/graphics/keyval.sty
Package: keyval 2014/10/28 v1.15 key=value parser (DPC)
\KV@toks@=\toks23
)
\captionmargin=\dimen122
\captionmargin@=\dimen123
\captionwidth=\dimen124
\caption@tempdima=\dimen125
\caption@indent=\dimen126
\caption@parindent=\dimen127
\caption@hangindent=\dimen128
Package caption Info: Unknown document class (or package),
(caption)             standard defaults will be used.
)

Package caption Warning: Unsupported document class (or package) detected,
(caption)                usage of the caption package is not recommended.
See the caption package documentation for explanation.

Package caption Info: \@makecaption = \long macro:#1#2->\ifx \@captype \@IEEEta
blestring \begin {center}{\footnotesize #1}\\{\footnotesize \scshape #2}\end {c
enter}\@IEEEtablecaptionsepspace \else \@IEEEfigurecaptionsepspace \setbox \@te
mpboxa \hbox {\footnotesize #1.~~ #2}\ifdim \wd \@tempboxa >\hsize \setbox \@te
mpboxa \hbox {\footnotesize #1.~~ }\parbox [t]{\hsize }{\footnotesize \noindent
 \unhbox \@tempboxa #2}\else \ifcenterfigcaptions \hbox to\hsize {\footnotesize
 \hfil \box \@tempboxa \hfil }\else \hbox to\hsize {\footnotesize \box \@tempbo
xa \hfil }\fi \fi \fi .
\c@ContinuedFloat=\count113
Package caption Info: float package is loaded.
) (/usr/local/texlive/2015/texmf-dist/tex/latex/todonotes/todonotes.sty
Package: todonotes 2012/07/25 .dtx Todonotes source and documentation.
Package: todonotes 2012/07/25

(/usr/local/texlive/2015/texmf-dist/tex/latex/xkeyval/xkeyval.sty
Package: xkeyval 2014/12/03 v2.7a package option processing (HA)

(/usr/local/texlive/2015/texmf-dist/tex/generic/xkeyval/xkeyval.tex
(/usr/local/texlive/2015/texmf-dist/tex/generic/xkeyval/xkvutils.tex
\XKV@toks=\toks24
\XKV@tempa@toks=\toks25
)
\XKV@depth=\count114
File: xkeyval.tex 2014/12/03 v2.7a key=value parser (HA)
))
(/usr/local/texlive/2015/texmf-dist/tex/latex/xcolor/xcolor.sty
Package: xcolor 2007/01/21 v2.11 LaTeX color extensions (UK)

(/usr/local/texlive/2015/texmf-dist/tex/latex/latexconfig/color.cfg
File: color.cfg 2007/01/18 v1.5 color configuration of teTeX/TeXLive
)
Package xcolor Info: Driver file: pdftex.def on input line 225.

(/usr/local/texlive/2015/texmf-dist/tex/latex/pdftex-def/pdftex.def
File: pdftex.def 2011/05/27 v0.06d Graphics/color for pdfTeX

(/usr/local/texlive/2015/texmf-dist/tex/generic/oberdiek/infwarerr.sty
Package: infwarerr 2010/04/08 v1.3 Providing info/warning/error messages (HO)
)
(/usr/local/texlive/2015/texmf-dist/tex/generic/oberdiek/ltxcmds.sty
Package: ltxcmds 2011/11/09 v1.22 LaTeX kernel commands for general use (HO)
)
\Gread@gobject=\count115
)
Package xcolor Info: Model `cmy' substituted by `cmy0' on input line 1337.
Package xcolor Info: Model `hsb' substituted by `rgb' on input line 1341.
Package xcolor Info: Model `RGB' extended on input line 1353.
Package xcolor Info: Model `HTML' substituted by `rgb' on input line 1355.
Package xcolor Info: Model `Hsb' substituted by `hsb' on input line 1356.
Package xcolor Info: Model `tHsb' substituted by `hsb' on input line 1357.
Package xcolor Info: Model `HSB' substituted by `hsb' on input line 1358.
Package xcolor Info: Model `Gray' substituted by `gray' on input line 1359.
Package xcolor Info: Model `wave' substituted by `hsb' on input line 1360.
)
(/usr/local/texlive/2015/texmf-dist/tex/latex/pgf/frontendlayer/tikz.sty
(/usr/local/texlive/2015/texmf-dist/tex/latex/pgf/basiclayer/pgf.sty
(/usr/local/texlive/2015/texmf-dist/tex/latex/pgf/utilities/pgfrcs.sty
(/usr/local/texlive/2015/texmf-dist/tex/generic/pgf/utilities/pgfutil-common.te
x
\pgfutil@everybye=\toks26
\pgfutil@tempdima=\dimen129
\pgfutil@tempdimb=\dimen130

(/usr/local/texlive/2015/texmf-dist/tex/generic/pgf/utilities/pgfutil-common-li
sts.tex))
(/usr/local/texlive/2015/texmf-dist/tex/generic/pgf/utilities/pgfutil-latex.def
\pgfutil@abb=\box31
(/usr/local/texlive/2015/texmf-dist/tex/latex/ms/everyshi.sty
Package: everyshi 2001/05/15 v3.00 EveryShipout Package (MS)
))
(/usr/local/texlive/2015/texmf-dist/tex/generic/pgf/utilities/pgfrcs.code.tex
Package: pgfrcs 2013/12/20 v3.0.0 (rcs-revision 1.28)
))
Package: pgf 2013/12/18 v3.0.0 (rcs-revision 1.14)
(/usr/local/texlive/2015/texmf-dist/tex/latex/pgf/basiclayer/pgfcore.sty
(/usr/local/texlive/2015/texmf-dist/tex/latex/graphics/graphicx.sty
Package: graphicx 2014/10/28 v1.0g Enhanced LaTeX Graphics (DPC,SPQR)

(/usr/local/texlive/2015/texmf-dist/tex/latex/graphics/graphics.sty
Package: graphics 2014/10/28 v1.0p Standard LaTeX Graphics (DPC,SPQR)

(/usr/local/texlive/2015/texmf-dist/tex/latex/graphics/trig.sty
Package: trig 1999/03/16 v1.09 sin cos tan (DPC)
)
(/usr/local/texlive/2015/texmf-dist/tex/latex/latexconfig/graphics.cfg
File: graphics.cfg 2010/04/23 v1.9 graphics configuration of TeX Live
)
Package graphics Info: Driver file: pdftex.def on input line 94.
)
\Gin@req@height=\dimen131
\Gin@req@width=\dimen132
)
(/usr/local/texlive/2015/texmf-dist/tex/latex/pgf/systemlayer/pgfsys.sty
(/usr/local/texlive/2015/texmf-dist/tex/generic/pgf/systemlayer/pgfsys.code.tex
Package: pgfsys 2013/11/30 v3.0.0 (rcs-revision 1.47)
(/usr/local/texlive/2015/texmf-dist/tex/generic/pgf/utilities/pgfkeys.code.tex
\pgfkeys@pathtoks=\toks27
\pgfkeys@temptoks=\toks28

(/usr/local/texlive/2015/texmf-dist/tex/generic/pgf/utilities/pgfkeysfiltered.c
ode.tex
\pgfkeys@tmptoks=\toks29
))
\pgf@x=\dimen133
\pgf@y=\dimen134
\pgf@xa=\dimen135
\pgf@ya=\dimen136
\pgf@xb=\dimen137
\pgf@yb=\dimen138
\pgf@xc=\dimen139
\pgf@yc=\dimen140
\w@pgf@writea=\write3
\r@pgf@reada=\read1
\c@pgf@counta=\count116
\c@pgf@countb=\count117
\c@pgf@countc=\count118
\c@pgf@countd=\count119
\t@pgf@toka=\toks30
\t@pgf@tokb=\toks31
\t@pgf@tokc=\toks32

(/usr/local/texlive/2015/texmf-dist/tex/generic/pgf/systemlayer/pgf.cfg
File: pgf.cfg 2008/05/14  (rcs-revision 1.7)
)
Driver file for pgf: pgfsys-pdftex.def

(/usr/local/texlive/2015/texmf-dist/tex/generic/pgf/systemlayer/pgfsys-pdftex.d
ef
File: pgfsys-pdftex.def 2013/07/18  (rcs-revision 1.33)

(/usr/local/texlive/2015/texmf-dist/tex/generic/pgf/systemlayer/pgfsys-common-p
df.def
File: pgfsys-common-pdf.def 2013/10/10  (rcs-revision 1.13)
)))
(/usr/local/texlive/2015/texmf-dist/tex/generic/pgf/systemlayer/pgfsyssoftpath.
code.tex
File: pgfsyssoftpath.code.tex 2013/09/09  (rcs-revision 1.9)
\pgfsyssoftpath@smallbuffer@items=\count120
\pgfsyssoftpath@bigbuffer@items=\count121
)
(/usr/local/texlive/2015/texmf-dist/tex/generic/pgf/systemlayer/pgfsysprotocol.
code.tex
File: pgfsysprotocol.code.tex 2006/10/16  (rcs-revision 1.4)
))
(/usr/local/texlive/2015/texmf-dist/tex/generic/pgf/basiclayer/pgfcore.code.tex
Package: pgfcore 2010/04/11 v3.0.0 (rcs-revision 1.7)
(/usr/local/texlive/2015/texmf-dist/tex/generic/pgf/math/pgfmath.code.tex
(/usr/local/texlive/2015/texmf-dist/tex/generic/pgf/math/pgfmathcalc.code.tex
(/usr/local/texlive/2015/texmf-dist/tex/generic/pgf/math/pgfmathutil.code.tex)
(/usr/local/texlive/2015/texmf-dist/tex/generic/pgf/math/pgfmathparser.code.tex
\pgfmath@dimen=\dimen141
\pgfmath@count=\count122
\pgfmath@box=\box32
\pgfmath@toks=\toks33
\pgfmath@stack@operand=\toks34
\pgfmath@stack@operation=\toks35
)
(/usr/local/texlive/2015/texmf-dist/tex/generic/pgf/math/pgfmathfunctions.code.
tex
(/usr/local/texlive/2015/texmf-dist/tex/generic/pgf/math/pgfmathfunctions.basic
.code.tex)
(/usr/local/texlive/2015/texmf-dist/tex/generic/pgf/math/pgfmathfunctions.trigo
nometric.code.tex)
(/usr/local/texlive/2015/texmf-dist/tex/generic/pgf/math/pgfmathfunctions.rando
m.code.tex)
(/usr/local/texlive/2015/texmf-dist/tex/generic/pgf/math/pgfmathfunctions.compa
rison.code.tex)
(/usr/local/texlive/2015/texmf-dist/tex/generic/pgf/math/pgfmathfunctions.base.
code.tex)
(/usr/local/texlive/2015/texmf-dist/tex/generic/pgf/math/pgfmathfunctions.round
.code.tex)
(/usr/local/texlive/2015/texmf-dist/tex/generic/pgf/math/pgfmathfunctions.misc.
code.tex)
(/usr/local/texlive/2015/texmf-dist/tex/generic/pgf/math/pgfmathfunctions.integ
erarithmetics.code.tex)))
(/usr/local/texlive/2015/texmf-dist/tex/generic/pgf/math/pgfmathfloat.code.tex
\c@pgfmathroundto@lastzeros=\count123
))
(/usr/local/texlive/2015/texmf-dist/tex/generic/pgf/basiclayer/pgfcorepoints.co
de.tex
File: pgfcorepoints.code.tex 2013/10/07  (rcs-revision 1.27)
\pgf@picminx=\dimen142
\pgf@picmaxx=\dimen143
\pgf@picminy=\dimen144
\pgf@picmaxy=\dimen145
\pgf@pathminx=\dimen146
\pgf@pathmaxx=\dimen147
\pgf@pathminy=\dimen148
\pgf@pathmaxy=\dimen149
\pgf@xx=\dimen150
\pgf@xy=\dimen151
\pgf@yx=\dimen152
\pgf@yy=\dimen153
\pgf@zx=\dimen154
\pgf@zy=\dimen155
)
(/usr/local/texlive/2015/texmf-dist/tex/generic/pgf/basiclayer/pgfcorepathconst
ruct.code.tex
File: pgfcorepathconstruct.code.tex 2013/10/07  (rcs-revision 1.29)
\pgf@path@lastx=\dimen156
\pgf@path@lasty=\dimen157
)
(/usr/local/texlive/2015/texmf-dist/tex/generic/pgf/basiclayer/pgfcorepathusage
.code.tex
File: pgfcorepathusage.code.tex 2013/12/13  (rcs-revision 1.23)
\pgf@shorten@end@additional=\dimen158
\pgf@shorten@start@additional=\dimen159
)
(/usr/local/texlive/2015/texmf-dist/tex/generic/pgf/basiclayer/pgfcorescopes.co
de.tex
File: pgfcorescopes.code.tex 2013/10/09  (rcs-revision 1.44)
\pgfpic=\box33
\pgf@hbox=\box34
\pgf@layerbox@main=\box35
\pgf@picture@serial@count=\count124
)
(/usr/local/texlive/2015/texmf-dist/tex/generic/pgf/basiclayer/pgfcoregraphicst
ate.code.tex
File: pgfcoregraphicstate.code.tex 2013/09/19  (rcs-revision 1.11)
\pgflinewidth=\dimen160
)
(/usr/local/texlive/2015/texmf-dist/tex/generic/pgf/basiclayer/pgfcoretransform
ations.code.tex
File: pgfcoretransformations.code.tex 2013/10/10  (rcs-revision 1.17)
\pgf@pt@x=\dimen161
\pgf@pt@y=\dimen162
\pgf@pt@temp=\dimen163
)
(/usr/local/texlive/2015/texmf-dist/tex/generic/pgf/basiclayer/pgfcorequick.cod
e.tex
File: pgfcorequick.code.tex 2008/10/09  (rcs-revision 1.3)
)
(/usr/local/texlive/2015/texmf-dist/tex/generic/pgf/basiclayer/pgfcoreobjects.c
ode.tex
File: pgfcoreobjects.code.tex 2006/10/11  (rcs-revision 1.2)
)
(/usr/local/texlive/2015/texmf-dist/tex/generic/pgf/basiclayer/pgfcorepathproce
ssing.code.tex
File: pgfcorepathprocessing.code.tex 2013/09/09  (rcs-revision 1.9)
)
(/usr/local/texlive/2015/texmf-dist/tex/generic/pgf/basiclayer/pgfcorearrows.co
de.tex
File: pgfcorearrows.code.tex 2013/11/07  (rcs-revision 1.40)
\pgfarrowsep=\dimen164
)
(/usr/local/texlive/2015/texmf-dist/tex/generic/pgf/basiclayer/pgfcoreshade.cod
e.tex
File: pgfcoreshade.code.tex 2013/07/15  (rcs-revision 1.15)
\pgf@max=\dimen165
\pgf@sys@shading@range@num=\count125
)
(/usr/local/texlive/2015/texmf-dist/tex/generic/pgf/basiclayer/pgfcoreimage.cod
e.tex
File: pgfcoreimage.code.tex 2013/07/15  (rcs-revision 1.18)

(/usr/local/texlive/2015/texmf-dist/tex/generic/pgf/basiclayer/pgfcoreexternal.
code.tex
File: pgfcoreexternal.code.tex 2013/07/15  (rcs-revision 1.20)
\pgfexternal@startupbox=\box36
))
(/usr/local/texlive/2015/texmf-dist/tex/generic/pgf/basiclayer/pgfcorelayers.co
de.tex
File: pgfcorelayers.code.tex 2013/07/18  (rcs-revision 1.7)
)
(/usr/local/texlive/2015/texmf-dist/tex/generic/pgf/basiclayer/pgfcoretranspare
ncy.code.tex
File: pgfcoretransparency.code.tex 2013/09/30  (rcs-revision 1.5)
)
(/usr/local/texlive/2015/texmf-dist/tex/generic/pgf/basiclayer/pgfcorepatterns.
code.tex
File: pgfcorepatterns.code.tex 2013/11/07  (rcs-revision 1.5)
)))
(/usr/local/texlive/2015/texmf-dist/tex/generic/pgf/modules/pgfmoduleshapes.cod
e.tex
File: pgfmoduleshapes.code.tex 2013/10/31  (rcs-revision 1.34)
\pgfnodeparttextbox=\box37
)
(/usr/local/texlive/2015/texmf-dist/tex/generic/pgf/modules/pgfmoduleplot.code.
tex
File: pgfmoduleplot.code.tex 2013/07/31  (rcs-revision 1.12)
)
(/usr/local/texlive/2015/texmf-dist/tex/latex/pgf/compatibility/pgfcomp-version
-0-65.sty
Package: pgfcomp-version-0-65 2007/07/03 v3.0.0 (rcs-revision 1.7)
\pgf@nodesepstart=\dimen166
\pgf@nodesepend=\dimen167
)
(/usr/local/texlive/2015/texmf-dist/tex/latex/pgf/compatibility/pgfcomp-version
-1-18.sty
Package: pgfcomp-version-1-18 2007/07/23 v3.0.0 (rcs-revision 1.1)
))
(/usr/local/texlive/2015/texmf-dist/tex/latex/pgf/utilities/pgffor.sty
(/usr/local/texlive/2015/texmf-dist/tex/latex/pgf/utilities/pgfkeys.sty
(/usr/local/texlive/2015/texmf-dist/tex/generic/pgf/utilities/pgfkeys.code.tex)
) (/usr/local/texlive/2015/texmf-dist/tex/latex/pgf/math/pgfmath.sty
(/usr/local/texlive/2015/texmf-dist/tex/generic/pgf/math/pgfmath.code.tex))
(/usr/local/texlive/2015/texmf-dist/tex/generic/pgf/utilities/pgffor.code.tex
Package: pgffor 2013/12/13 v3.0.0 (rcs-revision 1.25)

(/usr/local/texlive/2015/texmf-dist/tex/generic/pgf/math/pgfmath.code.tex)
\pgffor@iter=\dimen168
\pgffor@skip=\dimen169
\pgffor@stack=\toks36
\pgffor@toks=\toks37
))
(/usr/local/texlive/2015/texmf-dist/tex/generic/pgf/frontendlayer/tikz/tikz.cod
e.tex
Package: tikz 2013/12/13 v3.0.0 (rcs-revision 1.142)

(/usr/local/texlive/2015/texmf-dist/tex/generic/pgf/libraries/pgflibraryplothan
dlers.code.tex
File: pgflibraryplothandlers.code.tex 2013/08/31 v3.0.0 (rcs-revision 1.20)
\pgf@plot@mark@count=\count126
\pgfplotmarksize=\dimen170
)
\tikz@lastx=\dimen171
\tikz@lasty=\dimen172
\tikz@lastxsaved=\dimen173
\tikz@lastysaved=\dimen174
\tikzleveldistance=\dimen175
\tikzsiblingdistance=\dimen176
\tikz@figbox=\box38
\tikz@figbox@bg=\box39
\tikz@tempbox=\box40
\tikz@tempbox@bg=\box41
\tikztreelevel=\count127
\tikznumberofchildren=\count128
\tikznumberofcurrentchild=\count129
\tikz@fig@count=\count130

(/usr/local/texlive/2015/texmf-dist/tex/generic/pgf/modules/pgfmodulematrix.cod
e.tex
File: pgfmodulematrix.code.tex 2013/09/17  (rcs-revision 1.8)
\pgfmatrixcurrentrow=\count131
\pgfmatrixcurrentcolumn=\count132
\pgf@matrix@numberofcolumns=\count133
)
\tikz@expandcount=\count134

(/usr/local/texlive/2015/texmf-dist/tex/generic/pgf/frontendlayer/tikz/librarie
s/tikzlibrarytopaths.code.tex
File: tikzlibrarytopaths.code.tex 2008/06/17 v3.0.0 (rcs-revision 1.2)
)))
(/usr/local/texlive/2015/texmf-dist/tex/generic/pgf/frontendlayer/tikz/librarie
s/tikzlibrarypositioning.code.tex
File: tikzlibrarypositioning.code.tex 2008/10/06 v3.0.0 (rcs-revision 1.7)
)
(/usr/local/texlive/2015/texmf-dist/tex/latex/tools/calc.sty
Package: calc 2014/10/28 v4.3 Infix arithmetic (KKT,FJ)
\calc@Acount=\count135
\calc@Bcount=\count136
\calc@Adimen=\dimen177
\calc@Bdimen=\dimen178
\calc@Askip=\skip53
\calc@Bskip=\skip54
LaTeX Info: Redefining \setlength on input line 80.
LaTeX Info: Redefining \addtolength on input line 81.
\calc@Ccount=\count137
\calc@Cskip=\skip55
)
\c@@todonotes@numberoftodonotes=\count138
)
(/usr/local/texlive/2015/texmf-dist/tex/generic/pgf/frontendlayer/tikz/librarie
s/tikzlibraryarrows.code.tex
File: tikzlibraryarrows.code.tex 2008/01/09 v3.0.0 (rcs-revision 1.1)

(/usr/local/texlive/2015/texmf-dist/tex/generic/pgf/libraries/pgflibraryarrows.
code.tex
File: pgflibraryarrows.code.tex 2013/09/23 v3.0.0 (rcs-revision 1.16)
\arrowsize=\dimen179
)) (/usr/local/texlive/2015/texmf-dist/tex/latex/tikz-cd/tikz-cd.sty
Package: tikz-cd 2014/10/30 v0.9e Commutative diagrams with tikz

(/usr/local/texlive/2015/texmf-dist/tex/generic/tikz-cd/tikzlibrarycd.code.tex
(/usr/local/texlive/2015/texmf-dist/tex/generic/pgf/frontendlayer/tikz/librarie
s/tikzlibrarymatrix.code.tex
File: tikzlibrarymatrix.code.tex 2013/07/12 v3.0.0 (rcs-revision 1.4)
)
(/usr/local/texlive/2015/texmf-dist/tex/generic/pgf/frontendlayer/tikz/librarie
s/tikzlibraryquotes.code.tex
File: tikzlibraryquotes.code.tex 2013/08/28 v3.0.0 (rcs-revision 1.3)
)
(/usr/local/texlive/2015/texmf-dist/tex/generic/pgf/libraries/pgflibraryarrows.
meta.code.tex
File: pgflibraryarrows.meta.code.tex 2013/12/13 v3.0.0 (rcs-revision 1.12)
\pgfarrowinset=\dimen180
\pgfarrowlength=\dimen181
\pgfarrowwidth=\dimen182
\pgfarrowlinewidth=\dimen183
)))
(/usr/local/texlive/2015/texmf-dist/tex/latex/caption/subcaption.sty
Package: subcaption 2013/02/03 v1.1-62 Sub-captions (AR)
\c@subfigure=\count139
\c@subtable=\count140
)
(/usr/local/texlive/2015/texmf-dist/tex/latex/tools/array.sty
Package: array 2014/10/28 v2.4c Tabular extension package (FMi)
\col@sep=\dimen184
\extrarowheight=\dimen185
\NC@list=\toks38
\extratabsurround=\skip56
\backup@length=\skip57
)
(/usr/local/texlive/2015/texmf-dist/tex/latex/comment/comment.sty
\CommentStream=\write4

Excluding comment 'comment')
(/usr/local/texlive/2015/texmf-dist/tex/latex/cite/cite.sty
LaTeX Info: Redefining \cite on input line 302.
LaTeX Info: Redefining \nocite on input line 332.
Package: cite 2015/02/27  v 5.5
)
\c@thm=\count141
\c@cor=\count142

(/usr/local/texlive/2015/texmf-dist/tex/latex/hyperref/hyperref.sty
Package: hyperref 2012/11/06 v6.83m Hypertext links for LaTeX

(/usr/local/texlive/2015/texmf-dist/tex/generic/oberdiek/hobsub-hyperref.sty
Package: hobsub-hyperref 2012/05/28 v1.13 Bundle oberdiek, subset hyperref (HO)


(/usr/local/texlive/2015/texmf-dist/tex/generic/oberdiek/hobsub-generic.sty
Package: hobsub-generic 2012/05/28 v1.13 Bundle oberdiek, subset generic (HO)
Package: hobsub 2012/05/28 v1.13 Construct package bundles (HO)
Package hobsub Info: Skipping package `infwarerr' (already loaded).
Package hobsub Info: Skipping package `ltxcmds' (already loaded).
Package: ifluatex 2010/03/01 v1.3 Provides the ifluatex switch (HO)
Package ifluatex Info: LuaTeX not detected.
Package: ifvtex 2010/03/01 v1.5 Detect VTeX and its facilities (HO)
Package ifvtex Info: VTeX not detected.
Package: intcalc 2007/09/27 v1.1 Expandable calculations with integers (HO)
Package: ifpdf 2011/01/30 v2.3 Provides the ifpdf switch (HO)
Package ifpdf Info: pdfTeX in PDF mode is detected.
Package: etexcmds 2011/02/16 v1.5 Avoid name clashes with e-TeX commands (HO)
Package etexcmds Info: Could not find \expanded.
(etexcmds)             That can mean that you are not using pdfTeX 1.50 or
(etexcmds)             that some package has redefined \expanded.
(etexcmds)             In the latter case, load this package earlier.
Package: kvsetkeys 2012/04/25 v1.16 Key value parser (HO)
Package: kvdefinekeys 2011/04/07 v1.3 Define keys (HO)
Package: pdftexcmds 2011/11/29 v0.20 Utility functions of pdfTeX for LuaTeX (HO
)
Package pdftexcmds Info: LuaTeX not detected.
Package pdftexcmds Info: \pdf@primitive is available.
Package pdftexcmds Info: \pdf@ifprimitive is available.
Package pdftexcmds Info: \pdfdraftmode found.
Package: pdfescape 2011/11/25 v1.13 Implements pdfTeX's escape features (HO)
Package: bigintcalc 2012/04/08 v1.3 Expandable calculations on big integers (HO
)
Package: bitset 2011/01/30 v1.1 Handle bit-vector datatype (HO)
Package: uniquecounter 2011/01/30 v1.2 Provide unlimited unique counter (HO)
)
Package hobsub Info: Skipping package `hobsub' (already loaded).
Package: letltxmacro 2010/09/02 v1.4 Let assignment for LaTeX macros (HO)
Package: hopatch 2012/05/28 v1.2 Wrapper for package hooks (HO)
Package: xcolor-patch 2011/01/30 xcolor patch
Package: atveryend 2011/06/30 v1.8 Hooks at the very end of document (HO)
Package atveryend Info: \enddocument detected (standard20110627).
Package: atbegshi 2011/10/05 v1.16 At begin shipout hook (HO)
Package: refcount 2011/10/16 v3.4 Data extraction from label references (HO)
Package: hycolor 2011/01/30 v1.7 Color options for hyperref/bookmark (HO)
)
(/usr/local/texlive/2015/texmf-dist/tex/generic/ifxetex/ifxetex.sty
Package: ifxetex 2010/09/12 v0.6 Provides ifxetex conditional
)
(/usr/local/texlive/2015/texmf-dist/tex/latex/oberdiek/auxhook.sty
Package: auxhook 2011/03/04 v1.3 Hooks for auxiliary files (HO)
)
(/usr/local/texlive/2015/texmf-dist/tex/latex/oberdiek/kvoptions.sty
Package: kvoptions 2011/06/30 v3.11 Key value format for package options (HO)
)
\@linkdim=\dimen186
\Hy@linkcounter=\count143
\Hy@pagecounter=\count144

(/usr/local/texlive/2015/texmf-dist/tex/latex/hyperref/pd1enc.def
File: pd1enc.def 2012/11/06 v6.83m Hyperref: PDFDocEncoding definition (HO)
)
\Hy@SavedSpaceFactor=\count145

(/usr/local/texlive/2015/texmf-dist/tex/latex/latexconfig/hyperref.cfg
File: hyperref.cfg 2002/06/06 v1.2 hyperref configuration of TeXLive
)
Package hyperref Info: Option `bookmarks' set `true' on input line 4319.
Package hyperref Info: Hyper figures OFF on input line 4443.
Package hyperref Info: Link nesting OFF on input line 4448.
Package hyperref Info: Hyper index ON on input line 4451.
Package hyperref Info: Plain pages OFF on input line 4458.
Package hyperref Info: Backreferencing OFF on input line 4463.
Package hyperref Info: Implicit mode ON; LaTeX internals redefined.
Package hyperref Info: Bookmarks ON on input line 4688.
\c@Hy@tempcnt=\count146

(/usr/local/texlive/2015/texmf-dist/tex/latex/url/url.sty
\Urlmuskip=\muskip11
Package: url 2013/09/16  ver 3.4  Verb mode for urls, etc.
)
LaTeX Info: Redefining \url on input line 5041.
\XeTeXLinkMargin=\dimen187
\Fld@menulength=\count147
\Field@Width=\dimen188
\Fld@charsize=\dimen189
Package hyperref Info: Hyper figures OFF on input line 6295.
Package hyperref Info: Link nesting OFF on input line 6300.
Package hyperref Info: Hyper index ON on input line 6303.
Package hyperref Info: backreferencing OFF on input line 6310.
Package hyperref Info: Link coloring OFF on input line 6315.
Package hyperref Info: Link coloring with OCG OFF on input line 6320.
Package hyperref Info: PDF/A mode OFF on input line 6325.
LaTeX Info: Redefining \ref on input line 6365.
LaTeX Info: Redefining \pageref on input line 6369.
\Hy@abspage=\count148
\c@Item=\count149
\c@Hfootnote=\count150
)

Package hyperref Message: Driver (autodetected): hpdftex.

(/usr/local/texlive/2015/texmf-dist/tex/latex/hyperref/hpdftex.def
File: hpdftex.def 2012/11/06 v6.83m Hyperref driver for pdfTeX
\Fld@listcount=\count151
\c@bookmark@seq@number=\count152

(/usr/local/texlive/2015/texmf-dist/tex/latex/oberdiek/rerunfilecheck.sty
Package: rerunfilecheck 2011/04/15 v1.7 Rerun checks for auxiliary files (HO)
Package uniquecounter Info: New unique counter `rerunfilecheck' on input line 2
82.
)
\Hy@SectionHShift=\skip58
)
(./pedestrian_forecasting_iros_2017.aux)
\openout1 = `pedestrian_forecasting_iros_2017.aux'.

LaTeX Font Info:    Checking defaults for OML/cmm/m/it on input line 50.
LaTeX Font Info:    ... okay on input line 50.
LaTeX Font Info:    Checking defaults for T1/cmr/m/n on input line 50.
LaTeX Font Info:    ... okay on input line 50.
LaTeX Font Info:    Checking defaults for OT1/cmr/m/n on input line 50.
LaTeX Font Info:    ... okay on input line 50.
LaTeX Font Info:    Checking defaults for OMS/cmsy/m/n on input line 50.
LaTeX Font Info:    ... okay on input line 50.
LaTeX Font Info:    Checking defaults for OMX/cmex/m/n on input line 50.
LaTeX Font Info:    ... okay on input line 50.
LaTeX Font Info:    Checking defaults for U/cmr/m/n on input line 50.
LaTeX Font Info:    ... okay on input line 50.
LaTeX Font Info:    Checking defaults for PD1/pdf/m/n on input line 50.
LaTeX Font Info:    ... okay on input line 50.
LaTeX Font Info:    Font shape `T1/ptm/bx/n' in size <5> not available
(Font)              Font shape `T1/ptm/b/n' tried instead on input line 50.
LaTeX Font Info:    Font shape `T1/ptm/bx/it' in size <5> not available
(Font)              Font shape `T1/ptm/b/it' tried instead on input line 50.
LaTeX Font Info:    Font shape `T1/ptm/bx/n' in size <7> not available
(Font)              Font shape `T1/ptm/b/n' tried instead on input line 50.
LaTeX Font Info:    Font shape `T1/ptm/bx/it' in size <7> not available
(Font)              Font shape `T1/ptm/b/it' tried instead on input line 50.
LaTeX Font Info:    Font shape `T1/ptm/bx/n' in size <8> not available
(Font)              Font shape `T1/ptm/b/n' tried instead on input line 50.
LaTeX Font Info:    Font shape `T1/ptm/bx/it' in size <8> not available
(Font)              Font shape `T1/ptm/b/it' tried instead on input line 50.
LaTeX Font Info:    Font shape `T1/ptm/bx/n' in size <9> not available
(Font)              Font shape `T1/ptm/b/n' tried instead on input line 50.
LaTeX Font Info:    Font shape `T1/ptm/bx/it' in size <9> not available
(Font)              Font shape `T1/ptm/b/it' tried instead on input line 50.
LaTeX Font Info:    Font shape `T1/ptm/bx/n' in size <10> not available
(Font)              Font shape `T1/ptm/b/n' tried instead on input line 50.
LaTeX Font Info:    Font shape `T1/ptm/bx/it' in size <10> not available
(Font)              Font shape `T1/ptm/b/it' tried instead on input line 50.
LaTeX Font Info:    Font shape `T1/ptm/bx/n' in size <11> not available
(Font)              Font shape `T1/ptm/b/n' tried instead on input line 50.
LaTeX Font Info:    Font shape `T1/ptm/bx/it' in size <11> not available
(Font)              Font shape `T1/ptm/b/it' tried instead on input line 50.
LaTeX Font Info:    Font shape `T1/ptm/bx/n' in size <12> not available
(Font)              Font shape `T1/ptm/b/n' tried instead on input line 50.
LaTeX Font Info:    Font shape `T1/ptm/bx/it' in size <12> not available
(Font)              Font shape `T1/ptm/b/it' tried instead on input line 50.
LaTeX Font Info:    Font shape `T1/ptm/bx/n' in size <16> not available
(Font)              Font shape `T1/ptm/b/n' tried instead on input line 50.
LaTeX Font Info:    Font shape `T1/ptm/bx/it' in size <16> not available
(Font)              Font shape `T1/ptm/b/it' tried instead on input line 50.
LaTeX Font Info:    Font shape `T1/ptm/bx/n' in size <20> not available
(Font)              Font shape `T1/ptm/b/n' tried instead on input line 50.
LaTeX Font Info:    Font shape `T1/ptm/bx/it' in size <20> not available
(Font)              Font shape `T1/ptm/b/it' tried instead on input line 50.
LaTeX Font Info:    Font shape `T1/ptm/bx/n' in size <24> not available
(Font)              Font shape `T1/ptm/b/n' tried instead on input line 50.
LaTeX Font Info:    Font shape `T1/ptm/bx/it' in size <24> not available
(Font)              Font shape `T1/ptm/b/it' tried instead on input line 50.
Package marginnote Info: \pdfoutput not 0 and \pdflastxpos available.
(marginnote)             Extended position detection mode activated.
Package caption Info: Begin \AtBeginDocument code.
Package caption Info: hyperref package is loaded.
Package caption Info: End \AtBeginDocument code.

(/usr/local/texlive/2015/texmf-dist/tex/context/base/supp-pdf.mkii
[Loading MPS to PDF converter (version 2006.09.02).]
\scratchcounter=\count153
\scratchdimen=\dimen190
\scratchbox=\box42
\nofMPsegments=\count154
\nofMParguments=\count155
\everyMPshowfont=\toks39
\MPscratchCnt=\count156
\MPscratchDim=\dimen191
\MPnumerator=\count157
\makeMPintoPDFobject=\count158
\everyMPtoPDFconversion=\toks40
) ABD: EveryShipout initializing macros
(/usr/local/texlive/2015/texmf-dist/tex/latex/oberdiek/epstopdf-base.sty
Package: epstopdf-base 2010/02/09 v2.5 Base part for package epstopdf

(/usr/local/texlive/2015/texmf-dist/tex/latex/oberdiek/grfext.sty
Package: grfext 2010/08/19 v1.1 Manage graphics extensions (HO)
)
Package grfext Info: Graphics extension search list:
(grfext)             [.png,.pdf,.jpg,.mps,.jpeg,.jbig2,.jb2,.PNG,.PDF,.JPG,.JPE
G,.JBIG2,.JB2,.eps]
(grfext)             \AppendGraphicsExtensions on input line 452.

(/usr/local/texlive/2015/texmf-dist/tex/latex/latexconfig/epstopdf-sys.cfg
File: epstopdf-sys.cfg 2010/07/13 v1.3 Configuration of (r)epstopdf for TeX Liv
e
))
\AtBeginShipoutBox=\box43
Package hyperref Info: Link coloring OFF on input line 50.

(/usr/local/texlive/2015/texmf-dist/tex/latex/hyperref/nameref.sty
Package: nameref 2012/10/27 v2.43 Cross-referencing by name of section

(/usr/local/texlive/2015/texmf-dist/tex/generic/oberdiek/gettitlestring.sty
Package: gettitlestring 2010/12/03 v1.4 Cleanup title references (HO)
)
\c@section@level=\count159
)
LaTeX Info: Redefining \ref on input line 50.
LaTeX Info: Redefining \pageref on input line 50.
LaTeX Info: Redefining \nameref on input line 50.

(./pedestrian_forecasting_iros_2017.out)
(./pedestrian_forecasting_iros_2017.out)
\@outlinefile=\write5
\openout5 = `pedestrian_forecasting_iros_2017.out'.

LaTeX Font Info:    Try loading font information for U+msa on input line 79.

(/usr/local/texlive/2015/texmf-dist/tex/latex/amsfonts/umsa.fd
File: umsa.fd 2013/01/14 v3.01 AMS symbols A
)
LaTeX Font Info:    Try loading font information for U+msb on input line 79.

(/usr/local/texlive/2015/texmf-dist/tex/latex/amsfonts/umsb.fd
File: umsb.fd 2013/01/14 v3.01 AMS symbols B
)
LaTeX Font Info:    Try loading font information for T1+pcr on input line 79.

(/usr/local/texlive/2015/texmf-dist/tex/latex/psnfss/t1pcr.fd
File: t1pcr.fd 2001/06/04 font definitions for T1/pcr.
)
Underfull \hbox (badness 2073) in paragraph at lines 79--79
[][][]\T1/ptm/m/n/8 H.O. Ja-cobs, O. Hughes, M. Johnson-Roberson, and R. Va-sud
e-
 []


Underfull \hbox (badness 2591) in paragraph at lines 79--79
\T1/ptm/m/n/8 van are with the Uni-ver-sity of Michi-gan, Ann Ar-bor, MI 48109
 []

<./figures/FirstPage/gates_1_2_t=55.jpg, id=76, 90.3375pt x 72.27pt>
File: ./figures/FirstPage/gates_1_2_t=55.jpg Graphic file (type jpg)

<use ./figures/FirstPage/gates_1_2_t=55.jpg>
Package pdftex.def Info: ./figures/FirstPage/gates_1_2_t=55.jpg used on input l
ine 112.
(pdftex.def)             Requested size: 110.57239pt x 88.45816pt.

<./figures/FirstPage/gates_1_2_t=145.jpg, id=77, 90.3375pt x 72.27pt>
File: ./figures/FirstPage/gates_1_2_t=145.jpg Graphic file (type jpg)

<use ./figures/FirstPage/gates_1_2_t=145.jpg>
Package pdftex.def Info: ./figures/FirstPage/gates_1_2_t=145.jpg used on input 
line 116.
(pdftex.def)             Requested size: 110.57239pt x 88.45816pt.

<./figures/FirstPage/gates_1_2_t=235.jpg, id=78, 90.3375pt x 72.27pt>
File: ./figures/FirstPage/gates_1_2_t=235.jpg Graphic file (type jpg)

<use ./figures/FirstPage/gates_1_2_t=235.jpg>
Package pdftex.def Info: ./figures/FirstPage/gates_1_2_t=235.jpg used on input 
line 121.
(pdftex.def)             Requested size: 110.57239pt x 88.45816pt.

<./figures/FirstPage/gates_1_2_t=345.jpg, id=79, 90.3375pt x 72.27pt>
File: ./figures/FirstPage/gates_1_2_t=345.jpg Graphic file (type jpg)

<use ./figures/FirstPage/gates_1_2_t=345.jpg>
Package pdftex.def Info: ./figures/FirstPage/gates_1_2_t=345.jpg used on input 
line 125.
(pdftex.def)             Requested size: 110.57239pt x 88.45816pt.
 [1{/usr/local/texlive/2015/texmf-var/fonts/map/pdftex/updmap/pdftex.map}


 <./figures/FirstPage/gates_1_2_t=55.jpg> <./figures/FirstPage/gates_1_2_t=145.
jpg> <./figures/FirstPage/gates_1_2_t=235.jpg> <./figures/FirstPage/gates_1_2_t
=345.jpg>]
Package marginnote Info: Margin note 2.1 is on absolute page 2
(marginnote)              on input line 181.
Package marginnote Info: right page because not two side mode on input line 181
.
Package marginnote Info: xpos seems to be 54.2025pt,
(marginnote)             \marginnoteleftadjust ignored on input line 181.
 [2] [3]
Underfull \hbox (badness 1571) in paragraph at lines 339--343
\T1/ptm/m/n/10 be per-formed ef-fi-ciently, we fo-cus on com-pu-ta-tion of
 []


Underfull \hbox (badness 1721) in paragraph at lines 358--362
\T1/ptm/m/n/10 ap-prox-i-mate $[]\OT1/cmr/m/n/10 ([]\OML/cmm/m/it/10 ; x[]; k; 
s\OT1/cmr/m/n/10 )	([]; \OML/cmm/m/it/10 k; s; x[]\OT1/cmr/m/n/10 )$ \T1/ptm/m/
n/10 as a sum of
 []


Underfull \hbox (badness 10000) in paragraph at lines 373--386
\T1/ptm/m/n/10 where $\OML/cmm/m/it/10 W\OT1/cmr/m/n/10 (\OML/cmm/m/it/10 k; s;
 i; j; []\OT1/cmr/m/n/10 )$ \T1/ptm/m/n/10 is the eval-u-a-tion of
 []


Underfull \hbox (badness 10000) in paragraph at lines 373--386
[]\OT1/cmr/m/n/10 ([]\OML/cmm/m/it/10 ; x[]; k; s\OT1/cmr/m/n/10 )	([]; \OML/cm
m/m/it/10 k; s; x[]\OT1/cmr/m/n/10 )$ \T1/ptm/m/n/10 at the grid point
 []

[4]
Underfull \hbox (badness 3250) in paragraph at lines 486--489
\T1/ptm/m/n/10 pute $[]\OT1/cmr/m/n/10 (\OML/cmm/m/it/10 x[]; []; []\OT1/cmr/m/
n/10 )$ \T1/ptm/m/n/10 (and thus $\OML/cmm/m/it/10 ^^Z[]\OT1/cmr/m/n/10 (\OML/c
mm/m/it/10 x[]\OT1/cmr/m/n/10 )$\T1/ptm/m/n/10 ) at times $\OML/cmm/m/it/10 t \
OMS/cmsy/m/n/10 2
 []


Underfull \hbox (badness 1460) in paragraph at lines 486--489
\T1/ptm/m/n/10 for each $\OML/cmm/m/it/10 ` \OMS/cmsy/m/n/10 2 f^^@\OML/cmm/m/i
t/10 N[]; [] ; N[]\OMS/cmsy/m/n/10 g$\T1/ptm/m/n/10 , $\OML/cmm/m/it/10 k \OMS/
cmsy/m/n/10 2 f\OT1/cmr/m/n/10 1\OML/cmm/m/it/10 ; [] ; n\OMS/cmsy/m/n/10 g$\T1
/ptm/m/n/10 , and
 []

Package hyperref Info: bookmark level for unknown algorithm defaults to 0 on in
put line 534.
Package marginnote Info: Margin note 5.1 is on absolute page 5
(marginnote)              on input line 565.
Package marginnote Info: right page because not two side mode on input line 565
.
Package marginnote Info: xpos seems to be 343.97508pt,
(marginnote)             \marginnoterightadjust ignored on input line 565.

Underfull \hbox (badness 6542) in paragraph at lines 561--573
\OT1/cmr/bx/n/10 a[] \OT1/cmr/m/n/10 = (\OML/cmm/m/it/10 x[]; y[]; x[]; y[]\OT1
/cmr/m/n/10 )$\T1/ptm/m/n/10 , and $\OT1/cmr/bx/n/10 b \OT1/cmr/m/n/10 =
 []

[5]

Package hyperref Warning: Token not allowed in a PDF string (PDFDocEncoding):
(hyperref)                removing `math shift' on input line 593.


Package hyperref Warning: Token not allowed in a PDF string (PDFDocEncoding):
(hyperref)                removing `\mathop' on input line 593.


Package hyperref Warning: Token not allowed in a PDF string (PDFDocEncoding):
(hyperref)                removing `\mathgroup' on input line 593.


Package hyperref Warning: Token not allowed in a PDF string (PDFDocEncoding):
(hyperref)                removing `\symoperators' on input line 593.


Package hyperref Warning: Token not allowed in a PDF string (PDFDocEncoding):
(hyperref)                removing `\nmlimits@' on input line 593.


Package hyperref Warning: Token not allowed in a PDF string (PDFDocEncoding):
(hyperref)                removing `subscript' on input line 593.


Package hyperref Warning: Token not allowed in a PDF string (PDFDocEncoding):
(hyperref)                removing `\mid' on input line 593.


Package hyperref Warning: Token not allowed in a PDF string (PDFDocEncoding):
(hyperref)                removing `math shift' on input line 593.


Package hyperref Warning: Token not allowed in a PDF string (PDFDocEncoding):
(hyperref)                removing `math shift' on input line 593.


Package hyperref Warning: Token not allowed in a PDF string (PDFDocEncoding):
(hyperref)                removing `\mathop' on input line 593.


Package hyperref Warning: Token not allowed in a PDF string (PDFDocEncoding):
(hyperref)                removing `\mathgroup' on input line 593.


Package hyperref Warning: Token not allowed in a PDF string (PDFDocEncoding):
(hyperref)                removing `\symoperators' on input line 593.


Package hyperref Warning: Token not allowed in a PDF string (PDFDocEncoding):
(hyperref)                removing `\nmlimits@' on input line 593.


Package hyperref Warning: Token not allowed in a PDF string (PDFDocEncoding):
(hyperref)                removing `math shift' on input line 593.

<./figures/bookstore/ours_1_2_t=50.jpg, id=184, 90.3375pt x 69.55988pt>
File: ./figures/bookstore/ours_1_2_t=50.jpg Graphic file (type jpg)

<use ./figures/bookstore/ours_1_2_t=50.jpg>
Package pdftex.def Info: ./figures/bookstore/ours_1_2_t=50.jpg used on input li
ne 636.
(pdftex.def)             Requested size: 72.84824pt x 56.09375pt.

<./figures/bookstore/ours_1_2_t=130.jpg, id=185, 90.3375pt x 69.3792pt>
File: ./figures/bookstore/ours_1_2_t=130.jpg Graphic file (type jpg)

<use ./figures/bookstore/ours_1_2_t=130.jpg>
Package pdftex.def Info: ./figures/bookstore/ours_1_2_t=130.jpg used on input l
ine 639.
(pdftex.def)             Requested size: 72.84824pt x 55.94804pt.

<./figures/bookstore/ours_1_2_t=370.jpg, id=186, 90.3375pt x 69.3792pt>
File: ./figures/bookstore/ours_1_2_t=370.jpg Graphic file (type jpg)

<use ./figures/bookstore/ours_1_2_t=370.jpg>
Package pdftex.def Info: ./figures/bookstore/ours_1_2_t=370.jpg used on input l
ine 642.
(pdftex.def)             Requested size: 72.84824pt x 55.94804pt.

<./figures/bookstore/kit_1_2_t=50.jpg, id=187, 90.3375pt x 69.3792pt>
File: ./figures/bookstore/kit_1_2_t=50.jpg Graphic file (type jpg)

<use ./figures/bookstore/kit_1_2_t=50.jpg>
Package pdftex.def Info: ./figures/bookstore/kit_1_2_t=50.jpg used on input lin
e 650.
(pdftex.def)             Requested size: 72.84824pt x 55.94804pt.

<./figures/bookstore/kit_1_2_t=130.jpg, id=188, 90.3375pt x 69.3792pt>
File: ./figures/bookstore/kit_1_2_t=130.jpg Graphic file (type jpg)

<use ./figures/bookstore/kit_1_2_t=130.jpg>
Package pdftex.def Info: ./figures/bookstore/kit_1_2_t=130.jpg used on input li
ne 653.
(pdftex.def)             Requested size: 72.84824pt x 55.94804pt.

<./figures/bookstore/kit_1_2_t=370.jpg, id=189, 90.3375pt x 69.3792pt>
File: ./figures/bookstore/kit_1_2_t=370.jpg Graphic file (type jpg)

<use ./figures/bookstore/kit_1_2_t=370.jpg>
Package pdftex.def Info: ./figures/bookstore/kit_1_2_t=370.jpg used on input li
ne 656.
(pdftex.def)             Requested size: 72.84824pt x 55.94804pt.

<./figures/bookstore/lstm_1_2_t=100.jpg, id=190, 90.3375pt x 69.3792pt>
File: ./figures/bookstore/lstm_1_2_t=100.jpg Graphic file (type jpg)

<use ./figures/bookstore/lstm_1_2_t=100.jpg>
Package pdftex.def Info: ./figures/bookstore/lstm_1_2_t=100.jpg used on input l
ine 664.
(pdftex.def)             Requested size: 72.84824pt x 55.94804pt.

<./figures/bookstore/lstm_1_2_t=300.jpg, id=191, 90.3375pt x 69.19853pt>
File: ./figures/bookstore/lstm_1_2_t=300.jpg Graphic file (type jpg)

<use ./figures/bookstore/lstm_1_2_t=300.jpg>
Package pdftex.def Info: ./figures/bookstore/lstm_1_2_t=300.jpg used on input l
ine 667.
(pdftex.def)             Requested size: 72.84824pt x 55.80235pt.

<./figures/bookstore/lstm_1_2_t=360.jpg, id=192, 90.3375pt x 69.3792pt>
File: ./figures/bookstore/lstm_1_2_t=360.jpg Graphic file (type jpg)

<use ./figures/bookstore/lstm_1_2_t=360.jpg>
Package pdftex.def Info: ./figures/bookstore/lstm_1_2_t=360.jpg used on input l
ine 670.
(pdftex.def)             Requested size: 72.84824pt x 55.94804pt.

<./figures/bookstore/rand_1_2_t=50.jpg, id=193, 90.3375pt x 69.55988pt>
File: ./figures/bookstore/rand_1_2_t=50.jpg Graphic file (type jpg)

<use ./figures/bookstore/rand_1_2_t=50.jpg>
Package pdftex.def Info: ./figures/bookstore/rand_1_2_t=50.jpg used on input li
ne 678.
(pdftex.def)             Requested size: 72.84824pt x 56.09375pt.

<./figures/bookstore/rand_1_2_t=130.jpg, id=194, 90.3375pt x 69.3792pt>
File: ./figures/bookstore/rand_1_2_t=130.jpg Graphic file (type jpg)

<use ./figures/bookstore/rand_1_2_t=130.jpg>
Package pdftex.def Info: ./figures/bookstore/rand_1_2_t=130.jpg used on input l
ine 681.
(pdftex.def)             Requested size: 72.84824pt x 55.94804pt.

<./figures/bookstore/rand_1_2_t=370.jpg, id=195, 90.3375pt x 69.19853pt>
File: ./figures/bookstore/rand_1_2_t=370.jpg Graphic file (type jpg)

<use ./figures/bookstore/rand_1_2_t=370.jpg>
Package pdftex.def Info: ./figures/bookstore/rand_1_2_t=370.jpg used on input l
ine 684.
(pdftex.def)             Requested size: 72.84824pt x 55.80235pt.

<./figures/comparison/ours_death_1_2_t=70.jpg, id=196, 501.875pt x 387.4475pt>
File: ./figures/comparison/ours_death_1_2_t=70.jpg Graphic file (type jpg)

<use ./figures/comparison/ours_death_1_2_t=70.jpg>
Package pdftex.def Info: ./figures/comparison/ours_death_1_2_t=70.jpg used on i
nput line 714.
(pdftex.def)             Requested size: 72.84824pt x 56.2346pt.

<./figures/comparison/ours_death_1_2_t=250.jpg, id=197, 501.875pt x 387.4475pt>
File: ./figures/comparison/ours_death_1_2_t=250.jpg Graphic file (type jpg)
<use ./figures/comparison/ours_death_1_2_t=250.jpg>
Package pdftex.def Info: ./figures/comparison/ours_death_1_2_t=250.jpg used on 
input line 717.
(pdftex.def)             Requested size: 72.84824pt x 56.2346pt.

<./figures/comparison/ours_death_1_2_t=370.jpg, id=198, 501.875pt x 385.44pt>
File: ./figures/comparison/ours_death_1_2_t=370.jpg Graphic file (type jpg)

<use ./figures/comparison/ours_death_1_2_t=370.jpg>
Package pdftex.def Info: ./figures/comparison/ours_death_1_2_t=370.jpg used on 
input line 720.
(pdftex.def)             Requested size: 72.84824pt x 55.94324pt.

<./figures/comparison/kit_death_1_2_t=70.jpg, id=199, 501.875pt x 386.44376pt>
File: ./figures/comparison/kit_death_1_2_t=70.jpg Graphic file (type jpg)

<use ./figures/comparison/kit_death_1_2_t=70.jpg>
Package pdftex.def Info: ./figures/comparison/kit_death_1_2_t=70.jpg used on in
put line 728.
(pdftex.def)             Requested size: 72.84824pt x 56.08893pt.

<./figures/comparison/kit_death_1_2_t=250.jpg, id=200, 501.875pt x 387.4475pt>
File: ./figures/comparison/kit_death_1_2_t=250.jpg Graphic file (type jpg)

<use ./figures/comparison/kit_death_1_2_t=250.jpg>
Package pdftex.def Info: ./figures/comparison/kit_death_1_2_t=250.jpg used on i
nput line 731.
(pdftex.def)             Requested size: 72.84824pt x 56.2346pt.

<./figures/comparison/kit_death_1_2_t=370.jpg, id=201, 501.875pt x 385.44pt>
File: ./figures/comparison/kit_death_1_2_t=370.jpg Graphic file (type jpg)

<use ./figures/comparison/kit_death_1_2_t=370.jpg>
Package pdftex.def Info: ./figures/comparison/kit_death_1_2_t=370.jpg used on i
nput line 734.
(pdftex.def)             Requested size: 72.84824pt x 55.94324pt.

<./figures/comparison/lstm_1_2_t=100.jpg, id=202, 90.3375pt x 69.3792pt>
File: ./figures/comparison/lstm_1_2_t=100.jpg Graphic file (type jpg)

<use ./figures/comparison/lstm_1_2_t=100.jpg>
Package pdftex.def Info: ./figures/comparison/lstm_1_2_t=100.jpg used on input 
line 742.
(pdftex.def)             Requested size: 72.84824pt x 55.94804pt.

<./figures/comparison/lstm_1_2_t=300.jpg, id=203, 90.3375pt x 69.3792pt>
File: ./figures/comparison/lstm_1_2_t=300.jpg Graphic file (type jpg)

<use ./figures/comparison/lstm_1_2_t=300.jpg>
Package pdftex.def Info: ./figures/comparison/lstm_1_2_t=300.jpg used on input 
line 745.
(pdftex.def)             Requested size: 72.84824pt x 55.94804pt.

<./figures/comparison/lstm_1_2_t=380.jpg, id=204, 90.3375pt x 69.3792pt>
File: ./figures/comparison/lstm_1_2_t=380.jpg Graphic file (type jpg)

<use ./figures/comparison/lstm_1_2_t=380.jpg>
Package pdftex.def Info: ./figures/comparison/lstm_1_2_t=380.jpg used on input 
line 748.
(pdftex.def)             Requested size: 72.84824pt x 55.94804pt.

<./figures/comparison/rand_death_1_2_t=70.jpg, id=205, 501.875pt x 385.44pt>
File: ./figures/comparison/rand_death_1_2_t=70.jpg Graphic file (type jpg)

<use ./figures/comparison/rand_death_1_2_t=70.jpg>
Package pdftex.def Info: ./figures/comparison/rand_death_1_2_t=70.jpg used on i
nput line 756.
(pdftex.def)             Requested size: 72.84824pt x 55.94324pt.

<./figures/comparison/rand_death_1_2_t=250.jpg, id=206, 501.875pt x 385.44pt>
File: ./figures/comparison/rand_death_1_2_t=250.jpg Graphic file (type jpg)

<use ./figures/comparison/rand_death_1_2_t=250.jpg>
Package pdftex.def Info: ./figures/comparison/rand_death_1_2_t=250.jpg used on 
input line 759.
(pdftex.def)             Requested size: 72.84824pt x 55.94324pt.

<./figures/comparison/rand_death_1_2_t=370.jpg, id=207, 501.875pt x 385.44pt>
File: ./figures/comparison/rand_death_1_2_t=370.jpg Graphic file (type jpg)

<use ./figures/comparison/rand_death_1_2_t=370.jpg>
Package pdftex.def Info: ./figures/comparison/rand_death_1_2_t=370.jpg used on 
input line 762.
(pdftex.def)             Requested size: 72.84824pt x 55.94324pt.
Package marginnote Info: Margin note 6.1 is on absolute page 7
(marginnote)              on input line 786.
Package marginnote Info: right page because not two side mode on input line 786
.
Package marginnote Info: xpos seems to be 54.2025pt,
(marginnote)             \marginnoterightadjust ignored on input line 786.
Package marginnote Info: Margin note 6.2 is on absolute page 6
(marginnote)              on input line 881.
Package marginnote Info: right page because not two side mode on input line 881
.
Package marginnote Info: xpos seems to be 400.73401pt,
(marginnote)             \marginnoterightadjust ignored on input line 881.
Package marginnote Info: Margin note 6.3 is on absolute page 6
(marginnote)              on input line 884.
Package marginnote Info: right page because not two side mode on input line 884
.
Package marginnote Info: xpos seems to be 446.87012pt,
(marginnote)             \marginnoterightadjust ignored on input line 884.
Package marginnote Info: Margin note 6.4 is on absolute page 6
(marginnote)              on input line 899.
Package marginnote Info: right page because not two side mode on input line 899
.
Package marginnote Info: xpos seems to be 444.17337pt,
(marginnote)             \marginnoterightadjust ignored on input line 899.
 [6]
Overfull \hbox (3.5952pt too wide) in paragraph at lines 924--931
 [] 
 []

Package epstopdf Info: Source file: <./figures/the_results.eps>
(epstopdf)                    date: 2017-05-04 18:04:34
(epstopdf)                    size: 36220 bytes
(epstopdf)             Output file: <./figures/the_results-eps-converted-to.pdf
>
(epstopdf)                    date: 2017-05-04 18:05:30
(epstopdf)                    size: 21234 bytes
(epstopdf)             Command: <repstopdf --outfile=./figures/the_results-eps-
converted-to.pdf ./figures/the_results.eps>
(epstopdf)             \includegraphics on input line 937.
Package epstopdf Info: Output file is already uptodate.

<./figures/the_results-eps-converted-to.pdf, id=222, 462.72874pt x 346.29375pt>
File: ./figures/the_results-eps-converted-to.pdf Graphic file (type pdf)
<use ./figures/the_results-eps-converted-to.pdf>
Package pdftex.def Info: ./figures/the_results-eps-converted-to.pdf used on inp
ut line 937.
(pdftex.def)             Requested size: 221.14479pt x 165.50047pt.
Package marginnote Info: Margin note 7.1 is on absolute page 7
(marginnote)              on input line 940.
Package marginnote Info: right page because not two side mode on input line 940
.
Package marginnote Info: xpos seems to be 314.37439pt,
(marginnote)             \marginnoterightadjust ignored on input line 940.
Package epstopdf Info: Source file: <./figures/MHD_results.eps>
(epstopdf)                    date: 2017-05-04 15:56:48
(epstopdf)                    size: 38593 bytes
(epstopdf)             Output file: <./figures/MHD_results-eps-converted-to.pdf
>
(epstopdf)                    date: 2017-05-04 16:28:58
(epstopdf)                    size: 22563 bytes
(epstopdf)             Command: <repstopdf --outfile=./figures/MHD_results-eps-
converted-to.pdf ./figures/MHD_results.eps>
(epstopdf)             \includegraphics on input line 946.
Package epstopdf Info: Output file is already uptodate.

<./figures/MHD_results-eps-converted-to.pdf, id=223, 578.16pt x 433.62pt>
File: ./figures/MHD_results-eps-converted-to.pdf Graphic file (type pdf)

<use ./figures/MHD_results-eps-converted-to.pdf>
Package pdftex.def Info: ./figures/MHD_results-eps-converted-to.pdf used on inp
ut line 946.
(pdftex.def)             Requested size: 221.14479pt x 165.8558pt.
Package marginnote Info: Margin note 7.2 is on absolute page 8
(marginnote)              on input line 949.
Package marginnote Info: right page because not two side mode on input line 949
.
Package marginnote Info: xpos seems to be 54.2025pt,
(marginnote)             \marginnoteleftadjust ignored on input line 949.
Package marginnote Info: Margin note 7.3 is on absolute page 7
(marginnote)              on input line 956.
Package marginnote Info: right page because not two side mode on input line 956
.
Package marginnote Info: xpos seems to be 54.2025pt,
(marginnote)             \marginnoteleftadjust ignored on input line 956.
 [7 <./figures/bookstore/ours_1_2_t=50.jpg> <./figures/bookstore/ours_1_2_t=130
.jpg> <./figures/bookstore/ours_1_2_t=370.jpg> <./figures/bookstore/kit_1_2_t=5
0.jpg> <./figures/bookstore/kit_1_2_t=130.jpg> <./figures/bookstore/kit_1_2_t=3
70.jpg> <./figures/bookstore/lstm_1_2_t=100.jpg> <./figures/bookstore/lstm_1_2_
t=300.jpg> <./figures/bookstore/lstm_1_2_t=360.jpg> <./figures/bookstore/rand_1
_2_t=50.jpg> <./figures/bookstore/rand_1_2_t=130.jpg> <./figures/bookstore/rand
_1_2_t=370.jpg> <./figures/comparison/ours_death_1_2_t=70.jpg> <./figures/compa
rison/ours_death_1_2_t=250.jpg> <./figures/comparison/ours_death_1_2_t=370.jpg>
 <./figures/comparison/kit_death_1_2_t=70.jpg> <./figures/comparison/kit_death_
1_2_t=250.jpg> <./figures/comparison/kit_death_1_2_t=370.jpg> <./figures/compar
ison/lstm_1_2_t=100.jpg> <./figures/comparison/lstm_1_2_t=300.jpg> <./figures/c
omparison/lstm_1_2_t=380.jpg> <./figures/comparison/rand_death_1_2_t=70.jpg> <.
/figures/comparison/rand_death_1_2_t=250.jpg> <./figures/comparison/rand_death_
1_2_t=370.jpg> <./figures/the_results-eps-converted-to.pdf>]
Package marginnote Info: Margin note 8.1 is on absolute page 8
(marginnote)              on input line 973.
Package marginnote Info: right page because not two side mode on input line 973
.
Package marginnote Info: xpos seems to be 54.2025pt,
(marginnote)             \marginnoteleftadjust ignored on input line 973.
Package marginnote Info: Margin note 8.2 is on absolute page 8
(marginnote)              on input line 978.
Package marginnote Info: right page because not two side mode on input line 978
.
Package marginnote Info: xpos seems to be 120.26436pt,
(marginnote)             \marginnoteleftadjust ignored on input line 978.
 (./pedestrian_forecasting_iros_2017.bbl)

** Conference Paper **
Before submitting the final camera ready copy, remember to:

 1. Manually equalize the lengths of two columns on the last page
 of your paper;

 2. Ensure that any PostScript and/or PDF output post-processing
 uses only Type 1 fonts and that every step in the generation
 process uses the US letter (8.5in X 11in) paper size.

[8 <./figures/MHD_results-eps-converted-to.pdf>]
Package atveryend Info: Empty hook `BeforeClearDocument' on input line 1029.
Package atveryend Info: Empty hook `AfterLastShipout' on input line 1029.

(./pedestrian_forecasting_iros_2017.aux)
Package atveryend Info: Executing hook `AtVeryEndDocument' on input line 1029.
Package atveryend Info: Executing hook `AtEndAfterFileList' on input line 1029.

Package rerunfilecheck Info: File `pedestrian_forecasting_iros_2017.out' has no
t changed.
(rerunfilecheck)             Checksum: C15FA0FDF2E41A3889D7AC72A4D18137;1095.
Package atveryend Info: Empty hook `AtVeryVeryEnd' on input line 1029.
 ) 
Here is how much of TeX's memory you used:
 20847 strings out of 493089
 404400 string characters out of 6134842
 464142 words of memory out of 5000000
 23827 multiletter control sequences out of 15000+600000
 119373 words of font info for 141 fonts, out of 8000000 for 9000
 1141 hyphenation exceptions out of 8191
 62i,22n,82p,909b,784s stack positions out of 5000i,500n,10000p,200000b,80000s
{/usr/local/texlive/2015/texmf-dist/fonts/enc/dvips/base/8r.enc}</usr/local/t
exlive/2015/texmf-dist/fonts/type1/public/amsfonts/cm/cmbx10.pfb></usr/local/te
xlive/2015/texmf-dist/fonts/type1/public/amsfonts/cm/cmbx7.pfb></usr/local/texl
ive/2015/texmf-dist/fonts/type1/public/amsfonts/cm/cmex10.pfb></usr/local/texli
ve/2015/texmf-dist/fonts/type1/public/amsfonts/cm/cmmi10.pfb></usr/local/texliv
e/2015/texmf-dist/fonts/type1/public/amsfonts/cm/cmmi5.pfb></usr/local/texlive/
2015/texmf-dist/fonts/type1/public/amsfonts/cm/cmmi6.pfb></usr/local/texlive/20
15/texmf-dist/fonts/type1/public/amsfonts/cm/cmmi7.pfb></usr/local/texlive/2015
/texmf-dist/fonts/type1/public/amsfonts/cm/cmmi8.pfb></usr/local/texlive/2015/t
exmf-dist/fonts/type1/public/amsfonts/cm/cmmi9.pfb></usr/local/texlive/2015/tex
mf-dist/fonts/type1/public/amsfonts/cm/cmr10.pfb></usr/local/texlive/2015/texmf
-dist/fonts/type1/public/amsfonts/cm/cmr5.pfb></usr/local/texlive/2015/texmf-di
st/fonts/type1/public/amsfonts/cm/cmr6.pfb></usr/local/texlive/2015/texmf-dist/
fonts/type1/public/amsfonts/cm/cmr7.pfb></usr/local/texlive/2015/texmf-dist/fon
ts/type1/public/amsfonts/cm/cmr8.pfb></usr/local/texlive/2015/texmf-dist/fonts/
type1/public/amsfonts/cm/cmr9.pfb></usr/local/texlive/2015/texmf-dist/fonts/typ
e1/public/amsfonts/cm/cmsy10.pfb></usr/local/texlive/2015/texmf-dist/fonts/type
1/public/amsfonts/cm/cmsy7.pfb></usr/local/texlive/2015/texmf-dist/fonts/type1/
public/amsfonts/cm/cmsy8.pfb></usr/local/texlive/2015/texmf-dist/fonts/type1/pu
blic/amsfonts/symbols/msbm10.pfb></usr/local/texlive/2015/texmf-dist/fonts/type
1/urw/courier/ucrr8a.pfb></usr/local/texlive/2015/texmf-dist/fonts/type1/urw/ti
mes/utmb8a.pfb></usr/local/texlive/2015/texmf-dist/fonts/type1/urw/times/utmbi8
a.pfb></usr/local/texlive/2015/texmf-dist/fonts/type1/urw/times/utmr8a.pfb></us
r/local/texlive/2015/texmf-dist/fonts/type1/urw/times/utmri8a.pfb>
Output written on pedestrian_forecasting_iros_2017.pdf (8 pages, 1793220 bytes)
.
PDF statistics:
 446 PDF objects out of 1000 (max. 8388607)
 310 compressed objects within 4 object streams
 89 named destinations out of 1000 (max. 500000)
 305 words of extra memory for PDF output out of 10000 (max. 10000000)

